P00030183T0000|35 38|HLA
P00030183T0000|39 41|B5
P00088391A0181|25 27|IX
P00088391A0181|84 86|IX
P00114144A0189|159 161|IV
P00665053A0276|53 55|H1
P00747722A0486|47 49|B1
P00830568A0000|225 228|BII
P01083375T0000|0 5|Alpha
P01116466A0185|0 14|Thromboplastin
P01116466A0185|139 141|IX
P01168607A0672|142 143|E
P01309593A1092|124 126|P5
P01316476A1428|4 9|ORF 4
P01324404A1208|64 66|IV
P01324404A1208|115 117|IV
P01325221A0870|71 72|M
P01325221A0870|89 92|MBP
P01329039A0951|80 81|E
P01329039A0951|114 115|E
P01329039A0951|146 148|E2
P01329039A0951|149 150|E
P01331501A0397|143 147|p 130
P01339468A0272|4 8|ORF1
P01339468A0272|4 16|ORF1 protein
P01339468A0272|78 92|RNA replicases
P01339468A0272|94 98|ORF2
P01347664A1026|59 62|CAD
P01349837T0000|80 85|HSP60
P01371272A1167|90 104|DNA polymerase
P01373374A0735|60 61|G
P01375913A0484|111 128|T7 RNA polymerase
P01380062A0097|24 25|H
P01383695A0100|33 36|E29
P01400401A0854|34 35|E
P01406630A0965|15 18|p 50
P01406630A0965|23 26|p 65
P01406703A1435|71 72|H
P01447189T0000|53 62|RNK - Met -1
P01524549A0241|5 7|GH
P01524549A0241|135 137|GH
P01524549A0241|180 182|GH
P01525153A0359|50 51|G
P01542565T0000|46 49|L12
P01547775A1024|200 204|ORF2
P01547775A1024|206 210|ORF2
P01573270A0000|4 7|IA4
P01573270A0000|107 110|HLA
P01577819A0709|12 15|PRP
P01589576A0170|134 136|T1
P01589576A0170|151 153|T2
P01620610A1070|217 220|MTI
P01649539T0000|15 16|E
P01675424A0991|48 49|H
P01675424A0991|50 52|NR
P01675424A0991|84 86|NR
P01687050T0000|55 56|G
P01707659A0458|70 73|HLA
P01708774A0203|28 32|AP -1
P01710768A1172|145 148|HLA
P01711048T0000|29 30|G
P01721884A0962|101 102|H
P01721884A0962|104 109|RNase
P01721884A0962|110 111|H
P01721884A0962|224 229|RNase
P01721884A0962|230 231|H
P01721884A0962|249 254|Pol I
P01721884A0962|312 317|RNase
P01721884A0962|318 319|H
P01748292A0000|47 48|G
P01748292A0000|47 56|G protein
P01754381A0000|63 78|DNA polymerases
P01754381A0000|219 233|DNA polymerase
P01774063A0161|96 98|F1
P01826043A0431|4 8|pp 90
P01832152A0902|54 58|ORF1
P01832152A0902|63 67|ORF2
P01845899A0000|65 68|Rep
P01845899A0000|72 75|Rep
P01845899A0000|79 82|Rep
P01845899A0000|90 93|Rep
P01874195A0139|28 30|GH
P01961996A0522|6 7|H
P01970984A0668|66 67|E
P01970984A0668|76 77|E
P01985301T0000|22 24|MK
P02000093A0794|11 13|La
P02105497A1092|57 62|HSP70
P02105497A1092|163 168|HSP70
P02120707A0594|123 126|HLA
P02124710A1624|72 76|AP -1
P02185140A0000|49 64|cytochrome P450
P02201905A1004|60 64|RAP1
P02291144A0493|72 73|H
P02312470A0774|112 115|ELF
P02324102A1157|92 94|K5
P02326716A0139|63 66|T12
P02383693A0301|121 122|M
P02411513A0667|29 32|P22
P02444507A0240|0 8|Lysozyme
P02445751A0925|128 130|F1
P02476664A0563|64 67|K14
P02496109A0754|355 358|L17
P02530470A0604|26 29|HBV
P02538656A0172|63 64|M
P02541251A1327|12 14|T2
P02541251A1327|101 104|SP1
P02541251A1327|230 232|T1
P02555519A0798|130 131|H
P02555703T0000|152 157|c - myc
P02557217A0000|0 4|Beta
P02557217A0000|0 14|Beta - endorphin
P02562787A0637|41 44|NBP
P02582918A0000|216 218|T1
P02582918A0000|220 222|T2
P02582918A0000|231 234|T12
P02647918A0423|26 28|GH
P02647918A0588|84 86|GH
P02647918A0588|191 193|GH
P02647918A0588|332 334|GH
P02656257A0000|72 74|P1
P02705296A0231|61 65|ORF1
P02708288A0621|96 99|PRP
P02708353A1080|107 109|IV
P02743842A0000|191 193|E2
P02743842A0000|277 278|H
P02743981A0347|83 85|L1
P02743981A0347|83 86|L1 e
P02743981A0347|87 90|L10
P02743981A0347|87 91|L10 e
P02743981A0347|92 95|L12
P02745666A0000|44 46|E2
P02745666A0000|66 68|P4
P02761540A0873|54 58|AP -1
P02807780A0143|66 67|M
P02834843A0000|107 110|RPE
P02839488A1314|134 136|Gs
P02844767A1022|86 88|IV
P02844767A1022|155 157|IV
P02877124A0000|110 112|H1
P02877124A0000|163 165|H1
P02877124A0000|219 221|H1
P02880841A0313|267 269|F1
P02890200T0001|0 12|Somatostatin
P02894789A0954|68 70|T1
P02894789A0954|81 83|T1
P02928112T0000|62 72|A ' protein
P02993630A1190|151 152|G
P03004364A0775|62 65|ADM
P03007281A0905|8 10|A2
P03015628A1078|0 11|Osteocalcin
P03016506A0611|23 26|410
P03016506A0611|282 283|G
P03023887A0470|0 8|Nuclease
P03033283A1415|359 363|IE68
P03034570A0943|172 174|E7
P03035218T0000|18 21|p 40
P03049570A1242|38 40|E2
P03049570A1242|38 49|E2 proteins
P03098018A0139|84 86|P2
P03098018A0139|87 89|A2
P03371894A0355|0 8|Vimentin
P03372422A0558|33 35|IV
P03395009A1750|243 246|T12
P03395009A1750|250 252|L1
P03395009A1750|279 281|L1
P03395009A1750|289 291|L2
P03420266A0000|93 94|G
P03478354A0436|93 95|F2
P03629974A1468|45 46|M
P03676054A0865|99 100|E
P03700952A0273|37 39|PL
P03703493A0654|81 84|RPE
P03746896A0890|169 175|Type A
P03776080A0400|118 119|E
P03785212A0091|26 29|S14
P03795488A0487|88 90|PR
P03818467A0180|22 23|E
P03818467A0180|181 183|Px
P03863231A0530|4 5|M
P03871298A0217|168 171|CAD
P03935117T0000|54 56|E2
P04032268A0358|118 119|M
P04066194A0163|30 32|P2
P04066194A0163|46 48|P2
P04627477T0001|50 51|H
P05362866T0000|0 5|Renin
P05749438T0001|76 78|CI
P05839844T0000|83 85|B1
P06208024A0168|56 61|RNase
P06208024A0168|62 64|T1
P06369355A0834|108 110|A2
P06369355A0834|108 118|A2 protein
P06370553A0444|52 53|E
P06370553A0444|198 199|E
P06395804A0382|0 6|Urease
P06487290A0000|28 30|E2
P06726257A1179|49 52|HTP
P06849842T0000|11 12|G
P06986168A0304|122 133|V8 protease
P07007591A0324|162 163|E
P07038684A1050|233 236|p 62
P07106323A0560|93 95|E3
P07106323A0560|99 100|G
P07293100T0001|0 7|Gastrin
P07299857A0294|180 183|T10
P07327097A0647|3 5|PB
P07479004A0421|81 83|P1
P07479004A0421|85 87|P2
P07479004A0421|92 94|P3
P07483285A0322|12 14|E6
P07483285A0322|15 17|E7
P07483285A0322|217 219|E7
P07489502A0000|20 23|NS1
P07512258A0441|161 162|G
P07516597A1017|186 187|H
P07521601A0000|0 28|Hematopoietic growth factors
P07525596A0584|141 147|PPIase
P07525843A0859|13 14|H
P07525843A0859|21 22|H
P07525843A0859|67 68|H
P07525843A0859|200 201|H
P07525843A0859|209 210|H
P07525843A0859|330 331|H
P07525843A0859|368 369|H
P07526609A0736|36 38|S4
P07526609A0736|122 124|S4
P07526609A0736|164 166|S4
P07528531A0904|21 22|G
P07533858A1503|135 139|GP64
P07537851A0000|206 215|TNF - alpha
P07538122A0800|64 66|A8
P07540773A0576|22 25|MBP
P07540866A1069|151 153|F2
P07548425A0000|232 234|S2
P07559524A0000|55 57|G1
P07563072A0773|20 22|P1
P07567980T0000|50 53|p 53
P07568576A0074|48 54|Type A
P07588777A1524|106 109|p 42
P07588777A1524|118 121|p 44
P07592072A0217|163 165|F2
P07592658A0309|62 65|p 50
P07592946A0997|87 91|AP -1
P07595857A0521|112 115|PVA
P07596287A0183|84 88|ORF5
P07596287A0183|93 97|ORF1
P07601078A1003|166 168|CI
P07601078A1003|209 211|CI
P07610052A1064|52 55|C30
P07623844A0639|89 92|p 53
P07623844A0639|118 119|H
P07623844A0639|226 229|p 53
P07624615A0267|173 174|H
P07628456A0000|196 201|RNase
P07629103T0000|0 30|CCAAT / enhancer - binding protein
P07640309A0000|4 22|C - terminal peptide
P07642633T0000|171 176|TEF -1
P07651141A0265|30 31|M
P07665567A0495|272 276|AP -1
P07670943A0308|54 57|CAD
P07670943A0308|160 163|CAD
P07678006A0472|0 5|RNase
P07678602A0153|89 92|p 47
P07678602A0153|89 97|p 47 - phox
P07689154A0168|153 162|pp 60 v - src
P07698219A0551|148 150|PE
P07708058A0178|100 104|AP -1
P07720572A1584|59 61|T1
P07720572A1584|247 249|T1
P07721878A1163|35 37|R1
P07721878A1163|162 164|R1
P07730336A0606|119 121|E3
P07730337A1439|7 10|RC3
P07730337T0000|106 109|RC3
P07740487A0167|199 209|Fibrinogen
P07745726A0960|49 51|E2
P07754713A0227|98 101|S24
P07758837A1118|59 61|GH
P07758837A1118|264 266|P1
P07761434A1084|6 10|AP -1
P07802355T0000|135 136|H
P07826412T0112|117 127|transducin
P07828811A0556|34 36|G1
P07835273A0000|0 7|Insulin
P07835273A0411|182 184|L1
P07844555A0406|24 25|E
P07844555A0406|126 127|M
P07853488T0000|158 160|P1
P07857086A0949|24 31|Insulin
P07857086A0949|71 78|Insulin
P07857086A0949|103 104|H
P07864709A0324|250 260|M2 protein
P07865787A1086|195 197|H3
P07865876A1292|34 36|DP
P07865876A1292|85 87|DP
P07871891A0227|78 81|S13
P07876210A0751|21 22|M
P07876210A0751|88 89|M
P07876210A0751|99 101|P1
P07876210A0751|151 152|M
P07876300A0994|4 7|p 97
P07888306A1659|74 76|IV
P07888623A0721|0 5|PMEK1
P07890599A0132|233 239|rbSec 1
P07910946A0323|232 234|L2
P07929165T0000|120 122|A3
P07935383A0108|9 14|RNase
P07935383A0108|15 16|H
P07935383A0108|225 227|L3
P07935418A0447|87 92|RLD -1
P07935447A0972|123 127|HF -1
P07935626A1249|41 44|CCA
P07937106A0100|84 87|p 68
P07937841A0790|46 49|p 53
P07945330A0103|67 72|Rex -1
P07953785A0648|121 122|H
P07961957A1565|53 58|TEF -1
P07961957A1565|68 72|HF -1
P07981246A0112|66 85|GTP - binding protein
P07981246A0112|90 91|G
P07988731A0002|206 207|G
P08001136T0000|16 37|CDK - activating kinase
P08015672A1282|94 96|IV
P08028671A0687|46 49|CBP
P08044802A0462|154 157|p 53
P08049521T0000|96 105|pp 60 v - src
P08057421A1583|102 106|CBF1
P08057421A1583|136 140|CBF1
P08075070A1632|198 218|DNA - binding proteins
P08090767A0000|25 39|DNA polymerase
P08093616T0000|151 165|DNA polymerase
P08119149A0000|0 21|Tumor necrosis factor
P08125949A1162|57 60|L12
P08125949A1162|213 216|L12
P08128629A1164|90 93|p 60
P08128629A1164|101 104|p 40
P08134108A0277|4 9|c - myc
P08134115A1161|0 4|MSSP
P08134115A1161|118 119|H
P08134115A1161|130 133|ACT
P08134115A1161|152 153|H
P08149484A1551|165 169|AP -1
P08149484A1551|178 182|AP -1
P08154182A0955|49 52|AD5
P08178572A1118|105 107|IX
P08183915A0000|39 43|p 105
P08183915A0000|220 224|p 105
P08188258A0000|0 24|Glutamyl - tRNA synthetase
P08190633A0000|84 87|HLA
P08207805A0000|59 78|DNA - binding protein
P08208540A0417|152 155|p 84
P08223425T0000|10 14|SSS1
P08228805A0540|98 101|p 21
P08228805A0540|98 104|p 21 ras
P08230452A0551|48 50|P1
P08230452A0551|306 308|P1
P08230452A1489|46 48|P1
P08230452A1489|111 114|VP1
P08230452A1489|116 119|VP1
P08246984A0923|176 179|p 85
P08257754A0711|71 73|HB
P08257754A0711|148 150|HB
P08265602T0000|100 112|coat protein
P08276234A0119|55 74|DNA - binding protein
P08281536A0626|0 13|Interleukin -6
P08288622A0725|72 75|HDC
P08288633A0144|203 228|GTPase - activating protein
P08288633A0144|260 286|GTPase - activating proteins
P08288633A0144|294 297|Rho
P08289783A1476|127 130|P19
P08293412T0000|96 99|HT3
P08294459A0446|132 135|PTP
P08294459A0446|162 165|PTP
P08300611T0000|132 135|RP4
P08319396A0448|3 5|T2
P08336543A0243|33 35|L1
P08337841A0612|37 38|G
P08337841A0612|183 184|G
P08355696A0236|80 84|AP -1
P08357834A0285|68 77|PKC - delta
P08360180A1041|26 31|PSI - K
P08360180A1041|36 41|PSI - G
P08360180A1041|40 41|G
P08360180A1041|60 65|PSI - K
P08385131A0000|113 133|GTP - binding proteins
P08403245A1234|19 21|B2
P08415637A0000|4 27|ADP - ribosylation factor
P08415637A0000|115 135|GTP - binding proteins
P08415637A0000|137 138|G
P08415637A0000|137 147|G proteins
P08421295A0365|130 144|LexA repressor
P08425050A0898|97 99|PE
P08428940A1763|60 62|PR
P08428953A1718|166 175|L - plastin
P08428953A1718|435 444|L - plastin
P08432696A1117|90 92|IV
P08440688A1509|36 37|G
P08444345A0403|137 156|DNA - binding protein
P08444345A0403|137 158|DNA - binding protein B
P08454591A1322|127 131|AP -1
P08457205A0240|144 145|G
P08457205A0240|159 160|G
P08529630A0840|30 39|P protein
P08530149A0689|37 42|c - myc
P08534367A0984|0 3|PTP
P08534367A0984|20 23|PTP
P08534367A0984|24 26|S4
P08534848A0188a|10 12|NR
P08534848A0188b|10 12|NR
P08542026A0792|157 160|RCA
P08552093A0657|153 154|G
P08552093A0657|153 163|G proteins
P08553580A0102|28 32|ORF2
P08569443A0123|81 83|T1
P08569443A0123|88 90|T2
P08576262A0160|96 97|G
P08576262A0160|96 106|G proteins
P08584035A0740|211 213|R1
P08598359X0000|87 89|T1
P08598359X0000|90 92|T2
P08598359X0000|262 264|T1
P08598359X0000|265 267|T2
P08621542A0535|117 126|TNF - alpha
P08622698T0000|37 41|CBF1
P08625900T0000|0 50|Pituitary adenylate cyclase - activating polypeptide
P08625987A1086|102 105|BII
P08625987A1086|189 192|BII
P08626493A1468|117 120|pRb
P08628254A0665|116 122|Ha - Ras
P08631667A0851|109 120|dTMP kinase
P08641705A0986|67 68|G
P08643578A0532|14 17|Rho
P08643578A0532|66 67|G
P08643578A0532|66 75|G protein
P08647086A0720|80 82|H1
P08647086A0720|119 122|p 53
P08647086A0720|209 210|E
P08647264T0000|212 216|PARP
P08647451A0663|46 49|HEP
P08647451A0663|46 53|HEP - COP
P08647884A0547|0 2|E3
P08651853A0607|108 111|CA1
P08657135A1444|101 102|E
P08663120T0000|10 15|Raf -1
P08663120T0000|30 32|S6
P08666404A0311|222 225|PPT
P08668190A1364|59 60|H
P08668190A1364|141 142|H
P08676454A0731|41 46|ICP35
P08676454A0731|48 53|ICP35
P08676858A0309|44 49|RNase
P08676858A0309|213 215|T2
P08676858A0309|221 227|RNases
P08684522A0415|99 101|IV
P08702543A0000|32 62|Ras GTPase - activating proteins
P08702543A0000|36 62|GTPase - activating proteins
P08703010A0905|59 60|E
P08703010A0905|204 205|E
P08703010A0905|204 226|E - box - binding proteins
P08723883A0823|10 12|Px
P08723883A1684|55 56|E
P08723883A1684|202 203|E
P08749394A0874|93 104|RBP - J kappa
P08749394A0874|112 113|H
P08760286A0696|94 114|GTP - binding proteins
P08760286A0696|214 217|Rho
P08769132A0000|498 501|p 16
P08770981A0328|26 47|von Willebrand factor
P08781119A0723|36 43|Met - ase
P08781119A0723|135 142|Met - ase
P08794339A1162|139 159|CREB - binding protein
P08794339A1162|161 164|CBP
P08798610A0843|172 191|GTP - binding protein
P08807288T0000|64 68|ADH2
P08810278A0682|99 103|p 130
P08810278A0682|110 114|p 130
P08816453A0000|88 93|Raf -1
P08824798A0761|11 15|CRP2
P08849778A0226|63 65|R1
P08871567A0000|0 4|MSSP
P08871567A0000|78 83|c - myc
P08902548A0144|61 64|HTP
P08914522A0118|190 191|G
P08916928A0950|110 113|PAE
P08932385T0000|79 81|F1
P08936128A0611|61 62|G
P08942999T0000|10 11|G
P08943354A0295|35 38|SHP
P08943354A0295|246 249|SHP
P08962614A0000|36 37|E
P08971835A1057|9 11|IV
P08979089A1197|195 197|P1
P08987225A0675|198 201|ACT
P09006022A0252|98 115|T7 RNA polymerase
P09006914A0812|117 120|p 38
P09013760A0000|32 47|cytochrome P450
P09015799T0000|0 19|Serotonin receptors
P09018122A1389|17 22|ORF -1
P09022040A0263|8 17|L - plastin
P09022040A0263|136 145|L - plastin
P09022040A0263|297 306|L - plastin
P09030781A0734|103 104|E
P09030781A0734|244 246|D2
P09032258A0395|14 17|HLA
P09037032T0000|45 48|P2P
P09040011A1316|12 15|p 56
P09040011A1316|41 43|G1
P09046013A0000|96 103|SNX -111
P09049306A0830|49 53|19.5
P09058378A1134|90 93|p 53
P09065690A0463|76 80|CAR1
P09075739A0827|5 7|IV
P09077108A0458|85 94|TNF - alpha
P09079650A0136|79 82|p 42
P09079650A0136|143 146|p 38
P09079928A1319|37 39|P1
P09087430A1046|50 53|BSA
P09092493A0861|52 56|AP -1
P09092675A0283|2 5|P22
P09092675A0283|41 44|P22
P09094671A1192|40 43|p 16
P09094671A1192|60 63|p 15
P09099702A0692|81 83|P2
P09111314A1243|50 53|p 15
P09111314A1243|180 183|p 15
P09121430A1075|71 76|c - myc
P09122168A1427|57 58|G
P09132057A0559|165 183|S - receptor kinases
P09139721A0183|0 6|Cyclin
P09139721A0183|7 9|G2
P09139892A1150|24 28|orfX
P09144165A0614|63 67|AP -1
P09154822T0000|18 23|Raf -1
P09169420A0000|49 53|p 110
P09169420A0000|155 158|p 85
P09169420A0000|167 170|p 55
P09169593T0000|0 7|Insulin
P09174049A1788|15 18|p 34
P09174049A1788|31 33|H1
P09175708A1526|6 11|PRL - R
P09186507A0882|192 193|G
P09190202A0166|5 17|coat protein
P09190202A0166|172 176|p 150
P09197408A0126|117 119|C6
P09199292A0536|74 75|E
P09200811T0000|109 123|DNA polymerase
P09205113A0587|5 8|E14
P09209406A1021|94 120|GTPase - activating proteins
P09210478A0000|55 60|HIF -1
P09212059A1356|81 83|PR
P09212059A1856|132 134|PR
P09212059A1856|289 291|PR
P09218459A0000|0 21|Serum response factor
P09218459A0000|62 82|DNA - binding proteins
P09224811A0000|76 91|cytochrome P450
P09226345A0436|64 67|ACT
P09233772A0136|278 297|GTP - binding protein
P09233772A0136|382 383|G
P09233772A0136|382 392|G proteins
P09233772A0136|507 509|E3
P09233772A0136|507 535|E3 ubiquitin - protein ligases
P09233811A0072|95 96|M
P09234703A0192|49 50|G
P09234703A0192|49 59|G proteins
P09238860A1974|110 123|Interleukin -2
P09243840A0663|73 76|HLA
P09243840A0663|73 81|HLA - DQA1
P09247645A0000|41 45|SEC3
P09256973A0455|4 6|E2
P09256973A0455|44 45|G
P09256973A0455|57 59|G2
P09257887A0457|0 1|G
P09259052A0568|160 164|AP -1
P09261397A0509|0 11|Gag protein
P09282329A0527|192 194|G1
P09282329A0527|221 223|P1
P09287352A0930|52 55|SHP
P09287352A0930|169 172|SHP
P09287352A0930|259 262|SHP
P09294139A0729|48 52|HS12
P09308738A1216|165 186|von Willebrand factor
P09312025A0373|123 126|p 85
P09312025A0373|195 198|p 85
P09312087A0000|104 107|SHP
P09316937A0133|99 102|API
P09317131A1332|45 47|B2
P09321930A0567|53 56|p 53
P09333018A0000|0 10|Interferon
P09339900A0939|77 79|D2
P09339900A0939|146 149|AP2
P09339900A0939|243 245|D2
P09353343A0919|117 119|A1
P09353343A0919|141 143|A1
P09365272T0000|8 29|Ran - binding protein 1
P09367392A0567|119 123|RdRp
P09367676A0275|100 102|P1
P09368026A0000|0 11|Osteocalcin
P09369451A0693|39 43|AP -1
P09369482A0690|136 139|G6P
P09395525A0395|24 54|CCAAT / enhancer - binding protein
P09398855A0438|293 296|p 53
P09409416A0111|109 113|TC -2
P09421521T0000|0 27|Holliday junction resolvase
P09423856A1098|0 8|Protease
P09431812A0576|149 151|S2
P09434160A0767|8 15|PTPases
P09436795A0350|0 9|Protein C
P09442024A0708|20 22|H1
P09442080A0856|59 62|SHP
P09442080A0856|69 72|SHP
P09442080A0856|108 111|SHP
P09442080A0856|123 126|SHP
P09469933A1060|94 100|Restin
P09475378A1449|90 96|RUSH -1
P09478976T0000|11 12|M
P09478976T0000|69 73|AP -1
P09484781A1233|107 110|Akt
P09514962A0841|0 1|M
P09528758T0000|0 5|Rex -1
P09535082A0537|169 173|CIII
P09535082A0537|270 272|CI
P09535835A0279|8 16|Kinectin
P09537295A0951|147 149|P1
P09544987A1583|34 36|PR
P09544991A0750|32 35|SHP
P09545146A0884|92 94|Cl
P09545146A0884|148 150|Cl
P09545638A1181|27 29|L1
P09545638A1181|39 41|L2
P09553134A0596|4 14|N - syndecan
P09564860A2139|22 23|G
P09564860A2139|22 31|G protein
P09564860A2139|132 133|G
P09564860A2139|149 152|M2A
P09570952A0000|66 67|M
P09570952A0000|66 75|M - protein
P09572965A1235|13 17|ORF5
P09582327A0295|30 33|GH3
P09599897A0000|221 239|C - reactive protein
P09614065A0966|144 148|AP -1
P09642227A0000|0 12|Osteoadherin
P09649315A0943|94 99|MIP -1
P09651321A0000|0 8|Cystatin
P09655248A0000|10 17|Megalin
P09657003T0000|42 71|RNA - dependent RNA polymerases
P09662339A0744|79 83|AP -1
P09666114A0389|134 135|G
P09670943T0000|54 57|SHP
P09687511A1091|162 163|G
P09694860A0498|35 38|PTP
P09704006A0224|74 77|P19
P09704296T0000|90 91|E
P09706565A1072|16 17|M
P09712915A0672|133 136|Sp 3
P09722508A0953|147 150|HEK
P09727046A0000|31 50|DNA - binding protein
P09727046A0000|131 134|HS2
P09731513A1090|98 102|AP -1
P09743233A0526|23 27|AP -1
P09750325A0000|205 207|H7
P09751114A0967|66 68|E3
P09753775A0734|106 108|H1
P09754571A0169|67 69|G1
P09763470A1756|144 147|AP2
P09763522A2545|68 77|TNF - alpha
P09765411A0991|47 51|S27 a
P09765411A0991|213 217|S27 a
P09792702A0754|120 125|HSP70
P09794414T0000|27 38|C signaling
P09794795A0183|162 167|gp 130
P09799086A0725|83 84|G
P09799086A0725|136 138|Gs
P09806857A0854|154 155|M
P09819421A0000|0 12|Cyclophilins
P09822602A1172|77 80|CBP
P09822602A1172|178 183|HIF -1
P09823775A1122|74 77|HLA
P09833740A1112|163 172|TNF - alpha
P09835615A0574|109 111|R1
P09840943A0144|46 48|E2
P09846482A0441|75 78|p 21
P09852005A1287|135 139|PEP1
P09852109A1475|92 93|E
P09858588A1046|77 79|G1
P09858588A1046|116 118|G2
P09858593A0334|65 71|NeuroD
P09862343A0225|17 26|gp 200 - MR6
P09889202T0000|66 91|dsRNA adenosine deaminase
P09920930A0959|80 84|AP -1
P09920930A0959|153 157|AP -1
P09925777A1195|29 31|A1
P09927449A0421|53 55|G1
P09931252A1055|60 72|coat protein
P10009565T0000|3 8|Gamma
P10022880A0000|10 39|Ras GTPase - activating protein
P10022880A0000|14 39|GTPase - activating protein
P10051488A1610|17 21|AP -1
P10074921A1169|85 88|p 53
P10082554T0000|22 27|c - myc
P10090146T0000|94 100|R - FABP
P10193950A0478|64 66|T2
P10194762A0648|137 139|GH
P10195697A0456|32 35|CBP
P10196318T0000|0 26|CCAAT displacement protein
P10196318T0000|89 91|E6
P10196318T0000|93 95|E7
P10197985A0145|9 14|RNase
P10197985A0145|15 16|H
P10215594A1728|0 8|Glucagon
P10226029A0905|38 41|Akt
P10322022A0263|0 3|Rep
P10344736A0796|80 83|p 21
P10344736A0796|106 107|E
P10350638A0000|0 7|Latexin
P10358031A0303|80 82|G2
P10358031A0303|83 84|M
P10364076A0429|31 32|E
P10369418A0644|237 240|p 65
P10374632A0818|75 78|NBP
P10375640A0153|151 155|19.5
P10375718A0000|0 30|Basic fibroblast growth factor
P10377345A0740|0 25|Green fluorescent protein
P10380232A0000|144 147|HT3
P10392903A0000|26 28|E2
P10392903A0000|26 36|E2 protein
P10392903A0000|84 87|p 53
P10392903A0889|0 2|E2
P10400785A0912|113 123|GTPase Ran
P10402467T0000|0 18|Myosin light chain
P10438924T0000|42 45|Akt
P10440923A0684|169 172|p 27
P10440923A0684|206 207|E
P10440923A0684|317 320|pRb
P10446910A0147|87 89|E2
P10446910A0147|295 297|E2
P10447597A1004|30 31|H
P10447597A1004|34 35|H
P10464291A0597|62 92|CCAAT / enhancer - binding protein
P10464291A0597|62 98|CCAAT / enhancer - binding protein delta
P10471743A0000|38 50|DNA helicase
P10477583A0000a|97 99|G1
P10488148A1267|52 56|AP -1
P10488148A1267|113 117|AP -1
P10488148T0000|122 126|AP -1
P10490826T0000|143 145|E2
P10493876A0000|406 408|T2
P10493876A0000|428 430|C7
P10493876A0000|434 436|T9
P10493876A0000|441 444|C11
P10493876A0000|461 464|A15
P10496284A0115|68 69|G
P10498616A1280|10 11|M
P10521509A0000|14 15|G
P10521509A0000|14 23|G protein
P10521509A0000|108 109|G
P10521509A0000|108 117|G protein
P10523647A1001|107 111|AP -1
P10523647A1001|134 138|AP -1
P10523674A0000|0 5|RNase
P10536788A0931|35 37|PL
P10536788A0931|138 140|PL
P10536788A0931|168 170|PL
P10540015A0664|43 46|ALS
P10540015A0664|126 129|MEP
P10542281A2021|85 87|G1
P10542281A2021|88 90|G2
P10543727A0282|169 174|H2TF1
P10543727A0282|293 298|H2TF1
P10543727A0282|334 337|p 65
P10543727A0282|356 359|HLA
P10543727A0282|381 385|AP -1
P10548722A0099|49 51|H1
P10549354A1782|261 265|Axin
P10549354A1782|266 275|Conductin
P10559324A0716|113 116|p 53
P10564593A0428|139 141|M1
P10574992A0901|32 36|p 300
P10574992A0901|37 40|CBP
P10574992A0901|67 71|PARP
P10574992A0901|191 195|PARP
P10591990A0178|18 20|IV
P10592791A0370|92 95|SET
P10592791A0370|219 222|SEE
P10592791A0370|260 263|SET
P10592791A0370|428 431|SEE
P10592791A0370|453 456|SET
P10601344A1653|51 54|Rho
P10602502A0422|72 74|G1
P10602516A0182|87 88|M
P10614676A0000|205 206|E
P10617232A0393|6 9|HBV
P10618645A0750|21 25|AP -1
P10623804A0808|104 107|SHP
P10623804A0808|114 117|SHP
P10637230A0332|22 27|c - myc
P10644357A0935|27 30|VP1
P10650939A1542|63 65|PR
P10650939A1542|72 74|PR
P10653359A1297|18 20|D2
P10653693A0903|17 19|B2
P10657899A0685|113 117|AP -1
P10657899A0685|145 149|AP -1
P10671520T0000|35 66|I - mfa domain - containing protein
P10679065A0711|130 138|p38 MAPK
P10681588A0899a|52 54|C6
P10681588A0899a|207 209|C6
P10681588A0899b|52 54|C6
P10681588A0899b|207 209|C6
P10694605A1327|129 131|NS
P10702253A0357|83 88|HIF -1
P10702253A0357|181 186|HIF -1
P10704499A0682|20 22|E2
P10704499A0682|167 170|p 59
P10706688A0376|36 40|AP -1
P10706736A1091|130 133|HLA
P10713175A1399|153 156|p 53
P10713176A0422|0 6|Cyclin
P10713176A0422|0 8|Cyclin A
P10713176A0422|128 132|p 130
P10713176A0885|151 154|p 16
P10721704X0000|218 238|RNA - binding proteins
P10721714A1087|160 161|G
P10744026A0000|0 10|Invertases
P10749932A0000|0 8|Paxillin
P10764150A0000|135 137|P1
P10770065A0264|39 41|S2
P10779508T0000|0 17|Estrogen receptor
P10781552A0000|138 139|H
P10788476A0891|154 155|G
P10788476A0891|154 163|G protein
P10809233A0606|100 102|H3
P10823961A0664|32 35|CBP
P10826946A1198|159 160|H
P10828022A0877|0 10|Endostatin
P10836786A0516|135 139|MRP3
P10836786A0516|144 146|P3
P10836786A0516|156 161|RNase
P10836786A0516|174 179|RNase
P10846069T0000|48 57|P protein
P10850453A0713|34 40|Ha - Ras
P10850453A0713|62 67|Raf -1
P10857262A0186|91 100|A protein
P10860846A0480|54 57|AP2
P10860846A0480|125 128|AP2
P10860846A0480|161 164|AP2
P10873388A0623|15 23|Rhotekin
P10891093A0000|30 50|Na ( + ) / H ( + ) exchanger
P10891093A0000|36 37|H
P10891266A0421|38 39|H
P10893243T0000|0 26|Transcriptional regulation
P10918164A0878|184 186|CI
P10930526A0174|48 50|PL
P10933728A1398|229 233|CBF1
P10938102T0000|70 73|NS1
P10946303A0000|0 9|TNF - alpha
P10950935A0111|108 110|P1
P10962881A0900|61 63|CI
P10965905T0000|0 7|Insulin
P10965905T0000|0 16|Insulin receptor
P10980416T0000|0 19|Parathyroid hormone
P11000203A0752|19 24|K - Rev
P11000203A0752|82 87|K - Rev
P11000203A0752|126 131|K - Rev
P11000250A0200|112 116|AP -1
P11015197A0310|87 90|TM4
P11023934A0855|2 3|H
P11027294A0483|68 72|p 300
P11029704A0378|247 248|G
P11029704A0378|286 287|G
P11038317A0000|20 40|GTP - binding proteins
P11038317A0000|48 51|RAB
P11042204A0186|101 104|Akt
P11050168A1185|152 171|RNA - binding protein
P11075678A0298|104 105|G
P11084334A0590|7 10|2 -1
P11112700A1936|0 7|Plectin
P11114924A0808|0 4|ORFA
P11121397A0587|75 106|N - acetylglucosaminyltransferase
P11126275A1068|51 52|G
P11127200A1024|38 42|AP -1
P11127200A1024|109 113|AP -1
P11132790A0609|67 69|IV
P11139567A1440|117 118|G
P11139567A1440|117 126|G protein
P11145562A0468|4 7|P69
P11145887A1393|40 44|AP -1
P11145887A1393|81 84|Fra
P11160732A0464|161 162|M
P11181516A0119|243 245|E2
P11181516A0119|257 259|A2
P11181516A0119|260 262|A3
P11193045A1193|59 62|p 53
P11193045A1193|64 67|p 73
P11196199T0000|56 60|p 300
P11196199T0000|167 170|p 53
P11207261A1421|31 34|PTP
P11207261A1421|206 209|SHP
P11207261A1421|216 219|SHP
P11207609A0994|47 52|TGN46
P11212249A0993|97 101|AP -1
P11212327A1564|130 133|p 59
P11218739A0811|26 27|H
P11222639A1273|87 89|L1
P11222720A1699|113 117|CBF1
P11223246A0359|105 108|pRb
P11230145A0732|55 59|CBF1
P11230145A0732|60 70|RBP - Jkappa
P11235817A0000|14 16|H1
P11238947A0636|60 62|A2
P11250942A0626|101 105|AF -2
P11254504A0766|145 149|p 300
P11274179A0610|63 68|Raf -1
P11275986A0091|22 24|E6
P11279385A3917|67 68|M
P11297545A0948|221 229|p38 MAPK
P11301189A1396|42 45|p 19
P11309677A0000|170 171|H
P11310937A0548|192 201|TNF - alpha
P11313249T0000|37 67|CCAAT / enhancer - binding protein
P11313946T0000|30 31|M
P11324516A0159|55 57|D2
P11324516A0159|90 92|D2
P11327698A0191|26 29|p 44
P11327698A0191|30 33|p 42
P11327698A0191|70 73|HBx
P11327698A0191|95 101|IGF - II
P11327698A0191|102 104|P4
P11327698A0191|221 223|P4
P11327698A0191|236 239|HBx
P11327698A0191|338 340|P4
P11327698A0191|355 361|IGF - II
P11327698A0191|370 373|HBx
P11327698A0191|480 482|P4
P11327698A0191|496 502|IGF - II
P11327698A0191|511 514|HBx
P11331613A0827|22 26|pVHL
P11345435A0199|48 50|P3
P11355576A1125|128 131|pRb
P11355576A1125|133 136|pRb
P11355576A1125|178 180|G1
P11356853A0873|15 19|AP -1
P11359907A0099|14 19|HIF -1
P11378898A0164|0 4|ORF1
P11391531A1157|79 88|TNF - alpha
P11391793A0856|166 168|P1
P11423991A1393|164 167|p 53
P11463359A0167|150 153|G6P
P11463834A0606|70 73|CBP
P11522626A1374|36 37|G
P11524815A0753|97 99|T1
P11528127A1402|71 73|H1
P11528127A1402|145 147|L1
P11528127A1402|148 150|L2
P11529914T0000|50 61|CD40 ligand
P11532856A1175|125 128|p 42
P11532856A1175|243 251|p38 MAPK
P11532856A1175|255 260|HIF -1
P11580173A0181|118 120|P3
P11685284X0000|33 36|B37
P11686239A0464|82 83|G
P11686239A0464|176 177|G
P11686378A0326|180 181|E
P11697760A0000|85 87|E2
P11707977A0750|78 80|H3
P11736792A0204|72 74|G1
P11736792A0204|96 98|G2
P11776922A0830|0 2|IV
P00012653T0045|0 4|Beta
P00234264A0164|0 5|Gamma
P00321261A0104|38 40|E2
P00321261A0104|66 68|F2
P00725257A0452|39 40|E
P00748978T0000|38 40|E2
P01312005A0600|115 116|H
P01312005A0600|319 320|H
P01313715A0461|251 254|p 47
P01317376A0981|0 12|Fructokinase
P01320255A0795|89 91|L1
P01320255A0795|197 199|L1
P01360180A1568|32 35|P68
P01372365A1202|42 44|Cl
P01372365A1202|69 70|M
P01398104A0834|59 78|RNA - binding protein
P01400401A0065|16 29|AMP deaminase
P01400401A0065|47 48|M
P01400401A0065|78 80|E2
P01408137A0974|39 40|G
P01408137A0974|139 140|G
P01413984A0737|116 118|A1
P01413984A0737|252 273|von Willebrand factor
P01427034A0440|105 108|S13
P01429740A1065|123 125|IV
P01429740A1065|144 146|E2
P01435698A0000|105 109|PGI2
P01448917A0775|295 298|VPg
P01532229A1264|68 72|HF -1
P01532229A1264|96 100|HF -1
P01532229A1264|127 128|E
P01532796A0107|69 71|F1
P01535242A0557|14 16|P1
P01535242A0557|42 43|M
P01637758A0532|199 201|CI
P01645905A0341|0 13|Nucleoprotein
P01648142A1170|162 164|PE
P01653238A1062|139 143|AP -1
P01671675A0483|236 239|CAD
P01695314A0762|18 20|NS
P01703632T0000|95 115|RNA - binding proteins
P01717718A1255|45 47|PR
P01717718A1255|106 108|PR
P01717718A1255|158 160|PR
P01720555A1087|28 30|B2
P01774062A0257|39 42|HLA
P01774062A0257|39 47|HLA - DQA1
P01774062A0257|66 68|Y3
P01811948A0289|142 143|G
P01846803A0688|75 78|p 34
P01849734A1063|10 14|PR55
P01982061T0000|70 73|CAD
P01986254A0452|44 46|E6
P02019572A0000|97 101|L - PK
P02019572A0000|278 282|L - PK
P02115115A1053|78 82|CAR1
P02154599A0382|180 183|DSL
P02307371A0263|100 105|c - myc
P02307371A0263|225 230|c - myc
P02342477A1292|126 128|P4
P02355920A0681|54 57|SP1
P02496100T0000|58 60|B1
P02502602A0323|139 142|p 50
P02529378A0536|160 163|SP1
P02651448A0000|138 144|Type A
P02651448A0000|191 197|Type B
P02714852T0000|21 24|HLA
P02714852T0000|31 34|HLA
P02714852T0000|72 75|HLA
P02714852T0000|76 85|B alleles
P02767733A0690|53 55|G1
P02767733A0690|60 62|G2
P02809722A0926|78 80|GH
P02830282A0155|16 18|A1
P02836623A1094|8 9|M
P02836623A1094|107 108|M
P02868848A0167|130 131|G
P02883327A0413|66 67|E
P02902844A1219|154 157|PS3
P02975753A1333|121 123|E3
P03025655T0000|156 160|P130
P03050147A1520|204 213|C protein
P03061301A0624|102 104|F1
P03166458A1356|0 9|A protein
P03167060A0000|0 7|Insulin
P03167060A0000|0 26|Insulin - like growth factor
P03167060A0000|0 29|Insulin - like growth factor II
P03275867A0187|107 108|E
P03275867A0187|117 118|E
P03275867A0187|199 202|MAT
P03335398A0568|36 37|G
P03335651A0000|215 217|T1
P03335651A0000|219 221|T2
P03559193A0000|88 94|Type A
P03615763A0170|315 321|Type A
P03625762A0308|231 234|B12
P03690262A0428|98 100|T2
P03690262A0428|188 190|T1
P03698251T0000|36 39|P50
P03783160A0285|49 51|R1
P03783160A0285|95 97|R1
P03881260A0000|42 44|A1
P03887085A0000|210 212|F1
P04056218A0463|61 63|L1
P04056218A0463|66 68|L2
P05138738T0001|10 11|M
P05960999T0001|83 101|C - reactive protein
P06098828A0352|59 60|G
P06184487A1485|242 243|G
P06189698A0246|160 162|P3
P06287212A1352|119 122|VP1
P06361318A1127|97 99|R1
P06361318A1127|194 196|R1
P06434572A0157|73 75|GH
P06434572A0157|332 334|GH
P06468565A0000|168 170|G1
P06542918A1131|135 137|P3
P06582285A0222|48 49|E
P06582285A0222|85 86|E
P06674977A1181|58 60|IX
P06775834A0000|0 3|HLA
P07274428A0000|114 117|RCA
P07274428A0000|211 214|RCA
P07283110A0000|10 12|B1
P07293327T0001|0 10|Fibrinogen
P07509449A0000|80 83|p 47
P07518561A0496|27 30|p 72
P07518561A0496|208 211|p 56
P07524265T0000|49 50|G
P07525548A1380|136 139|CS1
P07537851A0891|50 53|p 50
P07538173A0307|0 3|MBP
P07542577A0438|83 85|La
P07559524A0741|0 6|Cyclin
P07559524A0741|98 101|p 41
P07565775A1265|36 38|IV
P07596287A1724|4 8|ORF3
P07596287A1724|82 86|ORF3
P07616569A0168|127 145|NADH dehydrogenase
P07622521A0418|33 34|G
P07622521A0418|249 250|G
P07628389A0145|0 21|Tumor necrosis factor
P07640422A0649|12 14|B2
P07644127A0000|212 214|SI
P07673178A0982|48 49|E
P07673178A0982|129 130|H
P07673178A0982|165 166|E
P07693975T0000|0 21|Reverse transcriptase
P07699632A0715|116 119|HLA
P07699632A0715|120 123|B27
P07706396T0000|31 35|SEC1
P07748952A1329|208 213|RNase
P07748952A1329|208 215|RNase E
P07748952A1329|214 215|E
P07749088A0119|9 11|T1
P07749088A0119|16 18|T2
P07760841A0647|22 26|ADH2
P07760841A0647|99 103|ADH2
P07760844A0413|13 17|AP -1
P07760844A0413|60 62|GH
P07779558T0000|11 13|Px
P07779812A0000|4 9|c - myc
P07780148A1153|55 57|G2
P07780148A1153|63 64|M
P07780148A1153|111 113|G1
P07780738A0091|23 25|G1
P07782775A0889|107 119|coat protein
P07820057A0000|0 21|Tumor necrosis factor
P07831799T0000|56 70|DNA polymerase
P07841663A0685|0 20|Superoxide dismutase
P07856102A1616|44 45|M
P07867622X0000|91 116|GTPase - activating protein
P07867622X0000|121 124|p 21
P07867622X0000|168 193|GTPase - activating protein
P07867622X0000|198 201|p 21
P07890680A1193|26 40|DNA polymerase
P07890680A1193|26 44|DNA polymerase III
P07918128A0000|89 92|HT3
P07919540A1119|66 77|Myc protein
P07933066T0000|135 137|DP
P07936650A0656|102 105|p 58
P07951410A0647|61 63|DP
P07951410A0647|192 194|DP
P07957632A0000|88 90|IV
P07958920A1157|64 69|RNase
P07958920A1157|167 172|RNase
P07963540A0795|84 86|B1
P07969181A0313|41 44|CKB
P08000427A0000|139 153|29 kDa protein
P08106369A0000|98 99|G
P08106369A0000|98 107|G protein
P08139001A1235|64 67|NS1
P08144037A0000|0 11|Thioredoxin
P08144470A0711|65 66|G
P08144668A0802|67 69|IV
P08144668A0802|144 146|P2
P08157009A0264|113 117|AP -1
P08157009T0000|104 108|AP -1
P08173532A0000|57 59|S2
P08173532A0000|124 126|S2
P08183552T0000|99 102|p 31
P08183552T0000|103 106|p 32
P08208540A1114|202 205|p 52
P08223875A0711|160 163|p 59
P08248246A0838|145 147|R1
P08268718A0676|43 46|p 50
P08270257A0551|48 50|H1
P08276865A1188|121 124|p 21
P08276865A1188|121 127|p 21 ras
P08276865A1188|219 222|p 21
P08276865A1188|219 225|p 21 ras
P08288596A0663|25 26|M
P08288596A0663|112 114|F2
P08289341A1202|43 45|E2
P08289341A1202|61 63|E2
P08289341A1202|95 97|E2
P08300625A1352|146 147|E
P08301702A1083|61 63|A1
P08336738A1273|36 37|H
P08382303T0000|124 127|p 34
P08395654T0000|0 22|Steroidogenic factor 1
P08395681A0388|68 70|E7
P08395681A0388|90 92|E7
P08395681A0388|116 118|E7
P08408825A0000|89 91|La
P08418183A0000|262 263|H
P08418183A0000|293 294|H
P08418183A0000|303 304|H
P08418183A0000|318 319|H
P08428965A1868|35 38|CBP
P08474439A0877|187 188|E
P08475104A0341|86 88|G1
P08475104A0341|215 218|p 33
P08538052A0000|323 342|DNA - binding protein
P08538052A0000|411 416|c - myc
P08554069A0743|80 81|G
P08561607A1443|21 23|IV
P08561893A0100|91 92|E
P08565548A0196|111 114|BII
P08566747A0756|75 77|G1
P08598449A0784|225 250|GTPase - activating protein
P08621420A1166|56 59|p 50
P08621659A0189|116 117|G
P08627649A0734|162 164|P4
P08627649A0734|239 242|Sp 3
P08628255A0932|172 177|H2A .1
P08630548A0000|151 160|TNF - alpha
P08642693T0000|0 11|Polyprotein
P08642693T0000|61 77|3C - like protease
P08647434A1124|0 15|Large T antigen
P08649373T0000|91 96|c - myc
P08662936A0428|127 132|TEF -1
P08663219A0246|192 193|E
P08670853A0000|21 22|E
P08702756A0000|17 20|Rho
P08703959A0659|184 186|C7
P08732665A0000|59 63|MT -2
P08732665A0000|70 74|MT -1
P08732665A0000|187 191|p 185
P08798648A1816|23 25|S4
P08806491A0542|25 28|E18
P08825633A0304|91 92|G
P08884273A1413|9 11|P1
P08900296A0000|21 22|E
P08900296A0000|21 31|E - selectin
P08924381T0000|0 13|Growth factor
P08929089A0231|19 20|M
P08934540A0673|9 11|H1
P08934540A0673|12 19|nm 23 - H2
P08940298A0962|58 62|AF -2
P08947028A0992|27 30|Rho
P08947028A0992|27 31|Rho 1
P08950144A0172|10 12|P3
P08972182A0527|144 157|ICE inhibitor
P08972182A0527|199 212|ICE inhibitor
P08972182A0527|246 259|ICE inhibitor
P08973630A0923|56 59|Rho
P09031639A0474|179 188|C protein
P09034337A0251|104 107|p 34
P09047344A0000|0 10|Calmodulin
P09047344A0000|28 31|CBP
P09053494A0612|117 118|G
P09053494A0612|251 252|G
P09076336A0281|0 2|GH
P09076336A0281|180 182|GH
P09076336A0281|205 207|GH
P09099683A0000|0 21|Diacylglycerol kinase
P09108029A0399|60 64|AP -1
P09111314A0970|0 6|Cyclin
P09115242A0934|88 118|CCAAT / enhancer - binding protein
P09154827A0158|207 209|G1
P09168892A1016|40 44|AP -1
P09178752A0574|105 109|AF -2
P09182707A0254|78 82|p 125
P09211913A0000|0 25|Aryl hydrocarbon receptor
P09211913A0000|0 46|Aryl hydrocarbon receptor nuclear translocator
P09211913A0000|211 217|CYP1A 1
P09215525A0581|65 67|DP
P09223475A0898|0 33|Chloramphenicol acetyltransferase
P09228202A0581|16 19|HT3
P09228202A0581|164 167|HT3
P09256973A0673|81 83|IV
P09263010T0000|95 100|c - myc
P09268298T0000|0 20|Ent - kaurene synthase
P09275159T0000|0 42|Heterogeneous nuclear ribonucleoprotein A1
P09275159T0000|40 42|A1
P09301350A0946|120 122|CI
P09301350A0946|317 319|CI
P09307065A0553|150 151|M
P09328341A1449|25 27|A2
P09328341A1449|147 148|E
P09351242A0719|17 20|CS1
P09352016A1110|11 12|G
P09353343T0000|88 90|A1
P09354757A1444|90 95|RNase
P09354757A1444|96 97|H
P09383156A0691|10 15|RNase
P09383156A0691|10 17|RNase E
P09383156A0691|16 17|E
P09396823T0000|44 58|DNA polymerase
P09396823T0000|44 60|DNA polymerase I
P09407090T0000|54 59|SR - BI
P09417870A0105|89 92|B16
P09428787A0138|104 107|p 69
P09445488A1169|96 99|BIR
P09453689A0000|49 51|S4
P09453689A0000|96 98|S2
P09472608A0253|175 177|SK
P09478921A0126|15 19|p 210
P09504423A0114|124 128|BL21
P09545638T0000|92 94|L1
P09545638T0000|104 106|L2
P09572491A1044|82 85|p 53
P09582953A0000|191 193|IX
P09591221A0137|110 112|P1
P09605137A0677|95 96|E
P09605930A1428|143 146|ALS
P09606633A0523|0 10|Interferon
P09606633A0523|0 15|Interferon beta
P09618481T0000|24 27|p 21
P09633879A0246|146 148|L1
P09676419A0158|275 276|E
P09685226A0000|217 220|BEN
P09694897T0000|44 53|C protein
P09716179A0974|134 137|p 21
P09716179A0974|151 154|p 27
P09716179A0974|151 158|p 27 Kip 1
P09719636A1134|228 232|gp 17
P09736770A0351|136 139|Sp 3
P09763470A0000|0 25|Dopamine beta - hydroxylase
P09767593A0130|33 36|PTP
P09767593A0130|134 138|p 130
P09774450A0000|136 138|D4
P09780228A0613|74 78|FkbA
P09784063A0621|82 86|ORF5
P09797456A0000|14 19|c - myc
P09813041A1122|0 2|GH
P09813098A0521|0 10|Paralemmin
P09821978A1255|64 66|MK
P09826778A0943|32 36|p 300
P09832436A0738|28 31|PLP
P09832436A0738|32 33|H
P09832436A0738|45 48|PLP
P09832436A0738|55 58|PLP
P09832436A0738|120 123|PLP
P09837913A0419|119 121|D2
P09840934A0435|8 14|Ha - Ras
P09840934A0435|92 98|Ha - Ras
P09892662A0334|101 103|Gs
P09931118A1072|12 15|p 42
P10051488A1293|20 24|AP -1
P10051488A1293|125 129|AP -1
P10080875A0772|172 175|p 65
P10080875A0772|223 226|p 52
P10080875A0772|243 247|AP -1
P10094396A0000|0 13|Topoisomerase
P10206152A1024|82 84|G1
P10231581A1125|51 54|SP1
P10323463T0000a|0 10|Interferon
P10323463T0000b|0 10|Interferon
P10330168A0135|166 168|G1
P10359792A0610|102 107|dCtBP
P10364314A0919|85 88|NS2
P10380800A0194|91 119|RNA - dependent RNA polymerase
P10394900A1166|0 1|G
P10411140A0499|50 55|RNase
P10411140A0499|50 57|RNase E
P10411140A0499|56 57|E
P10453006A0000|74 76|P1
P10471746A1102|82 90|Myogenin
P10471746A1102|116 124|Myogenin
P10477583A0000b|97 99|G1
P10516878T0000|25 27|D2
P10521450A0437|12 15|Akt
P10523634A1404|117 118|H
P10529198A0068|83 87|p 140
P10543728A0358|105 109|AP -1
P10544089A1208|116 117|H
P10579722T0000|73 76|Rho
P10584704A0913|89 92|HMB
P10591976A0317|20 23|LWS
P10591976A0317|31 34|LWS
P10597222A1371|106 109|p 21
P10598316A1534|11 14|HMB
P10611235A1927|92 93|G
P10629035A0827|69 70|G
P10629035A0827|84 85|G
P10660676A0000|118 123|Nodal
P10669596A0430|27 30|P22
P10688660A0992|36 39|CBP
P10688660A0992|116 118|PR
P10692433A0000|56 57|G
P10704853T0000|40 45|Nodal
P10720434A0291|109 111|B1
P10733591A0146|98 101|p 70
P10733591A0146|102 104|S6
P10749849A0000|176 179|p 21
P10805738A0799|413 416|p 38
P10810294A0730|31 33|GH
P10866323A0666|60 63|p 21
P10866689A0295|7 10|pRb
P10866689A0295|114 117|pRb
P10872827A0000|0 18|Penicillin acylase
P10910908A0767|37 40|Akt
P10938120A1093|0 26|Transcriptional regulation
P10942587A0981|105 107|E6
P10942587A0981|108 110|E7
P10942587A0981|164 166|E7
P10942587A0981|252 254|E7
P10999369A0192|83 85|P2
P11041308A0156|48 50|IV
P11054565A0654|9 13|p 190
P11054565A0654|9 15|p 190 - B
P11054565A0654|40 44|p 190
P11067928A0532|31 32|H
P11067928A0532|40 41|H
P11069307A0546|174 177|p 20
P11069756A2618|18 42|CRK - associated substrate
P11069756A2618|102 104|E6
P11069756A2618|121 123|E6
P11069756A2618|203 204|G
P11069756A2618|236 237|G
P11069756A2618|316 319|p 38
P11069756A2618|332 335|p 21
P11069756A2618|332 352|p 21 - activated kinase
P11078726X0000|65 68|p 53
P11078726X0000|322 325|p 53
P11113179A0541|52 55|CBP
P11113179A0541|156 159|CBP
P11113179A0541|164 168|p 300
P11114718A0349|133 134|E
P11117523A0650|78 81|P19
P11137296A0923|72 82|RNA ligase
P11145813A0668|87 89|C6
P11145813A0668|100 102|L6
P11150315A1126|76 79|Fra
P11158236A0000|0 19|Nerve growth factor
P11166863A0167|22 24|CI
P11221845A0295|124 126|D2
P11221845A0295|199 200|M
P11238916A0838|31 34|PTP
P11238916A0838|178 181|PTP
P11264176A0181|23 25|G1
P11264176A0181|93 95|A2
P11278390A0632|0 21|Reverse transcriptase
P11287578A1311|170 172|E6
P11311980A1049|7 9|R1
P11313946A0449|85 86|M
P11360190A0178|71 73|G1
P11360190A0178|89 91|G2
P11360190A0178|92 93|M
P11361338A0447|97 102|Pex 5 p
P11361338A0447|125 130|Pex 5 p
P11433018A0756|58 59|H
P11433018A0756|104 105|H
P11534900A0000|155 157|PB
P11559821A1315|49 52|p 30
P11559821A1315|87 91|p 300
P11559821A1315|92 95|CBP
P11593394A0000|127 128|E
P11593394A0000|212 215|p 15
P11593394A0000|227 230|p 27
P11600314A0000|157 159|B1
P11600314A0000|161 163|B2
P11669476A0346|56 65|TNF - alpha
P11709561T0000|27 28|G
P11709561T0000|29 31|D2
P11726262A0692|61 64|HMB
P00033873T0001|0 5|Gamma
P00101300A0257|43 45|T1
P00101300A0257|47 49|T2
P00118044A0000|93 95|M1
P00118044A0000|105 107|M3
P00336354A0543|22 24|GH
P00377466A0188|114 116|E2
P00378492A0475|0 5|Renin
P00393598A0198|55 58|ALS
P00429949A0000|225 228|IRP
P00512215A0000|159 161|L1
P00512215A0000|163 165|L2
P00512215A0000|171 173|L1
P00512215A0000|176 178|L2
P00606849T0000|59 61|A2
P00676790T0000|0 11|Angiotensin
P00686836A0000|155 156|E
P00686836A0000|220 221|E
P00710372A0302|94 96|GH
P00767161A0837|36 38|E2
P00780639X0000|0 24|Carcinoembryonic antigen
P00996364X0000|0 1|E
P01048968A0152|96 97|G
P01090210A0417|183 185|IV
P01141114A0188|84 87|P50
P01141114A0188|206 207|H
P01158512T0000|0 33|Glucose -6 - phosphate dehydrogenase
P01158512T0000|35 36|G
P01279352A1197|23 24|H
P01301171A0979|46 51|c - myc
P01309860A0559|129 131|L1
P01314841A0724|15 17|MK
P01315706A0000|83 85|L6
P01316461A1083|26 28|S2
P01316461A1083|77 79|S2
P01316680A0643|168 169|H
P01316680A0643|177 178|H
P01321280A0494|39 41|E6
P01321280A0494|46 48|E7
P01321280A0494|198 200|E6
P01321280A0494|205 207|E7
P01321332A0970|283 286|ARP
P01324385A0329|193 195|IV
P01324406A1250|39 51|DNA helicase
P01327758A0000|89 99|E1 protein
P01327758A0000|120 122|E2
P01327758A0000|120 130|E2 protein
P01328681A0149|55 60|c - myc
P01329039A0239|13 14|E
P01329039A0239|100 101|E
P01331086T0000|67 69|IV
P01333035T0000|12 33|cAMP receptor protein
P01340470A0000|3 22|RNA - binding protein
P01353478T0000|15 16|H
P01358190A0654|40 41|H
P01371275T0000|59 60|H
P01380454A0451|157 161|AP -1
P01384229A0175|127 129|IV
P01386897A0000|114 116|G1
P01387105A0933|166 168|B1
P01389573A1071|95 97|P1
P01389573A1071|100 102|P2
P01389573A1071|105 107|A1
P01389573A1071|110 112|A2
P01394655A0615b|0 6|Urease
P01398074A0697|90 95|RNase
P01398074A1081|4 9|RNase
P01398074A1081|151 156|RNase
P01408219A0670|68 71|PGL
P01409643A0618|241 271|TATA element modulatory factor
P01418834A0987|45 46|H
P01427457A0000|149 151|IV
P01429596A1669|141 148|18K - LAF
P01437562A0462|29 42|53 kDa protein
P01441818T0001|0 10|Interferon
P01446828A1088|105 108|AP2
P01446828A1088|113 115|A1
P01446828A1088|126 128|A2
P01446828A1088|134 139|NF - E1
P01447189A1546|25 34|RNK - Met -1
P01448932T0000|33 36|S12
P01469042A0355|6 12|CENP - B
P01469042A0355|56 62|CENP - B
P01486836A0774|128 130|T1
P01486836A0774|161 163|T2
P01498607A0000|44 46|IV
P01499213A0185|170 172|L2
P01499213A0185|173 175|L3
P01502157A0000|77 79|P1
P01502157A0000|84 86|P2
P01502157A0000|135 137|P2
P01529530T0000|0 10|Interferon
P01536575A1213|198 200|A1
P01536575A1213|207 213|CYPIA 1
P01542565A0220|15 18|L12
P01542565A0220|81 84|L12
P01542686A0000|141 144|p 65
P01563343A0548|64 67|CAB
P01581577A1186|0 5|PSI - G
P01581577A1186|4 5|G
P01581577A1186|10 15|PSI - K
P01583819A0377|0 3|SEA
P01601869A1389|70 71|E
P01620781A0611|105 107|A1
P01620781A0611|111 113|B2
P01620781A0611|117 119|A3
P01648530A0000|17 18|M
P01653173A0619|52 54|E2
P01653173A0619|100 104|P105
P01653173A0619|177 181|P105
P01671675A0905|89 92|CAD
P01698761A1059|121 123|H1
P01710979T0000|108 112|p 110
P01713213A0000|161 166|Pim -1
P01713213A0488|87 92|Pim -1
P01716292A0000|43 46|HLA
P01716292A0000|188 189|H
P01716292A0000|232 233|H
P01718043A0384|58 70|PMN elastase
P01730747A0205|16 18|G1
P01748630A0125|0 13|Growth factor
P01779769A0000|81 84|C31
P01830114A1587|29 32|NS1
P01830114A1587|63 65|P4
P01832197T0001|11 13|D2
P01844017A0410|117 118|E
P01846489A1119|32 48|3C - like protease
P01847464A0856|239 244|c - myc
P01850105A1093|15 20|c - myc
P01850105A1093|60 65|c - myc
P01878489A0959|94 116|NADPH oxidase activity
P01881595A0476|28 30|NS
P01881595A0476|75 77|NS
P01899209A0883|57 58|H
P01906166A0119|122 124|IV
P01918010A0000|0 18|Lipoprotein lipase
P01918010A1730|193 195|L1
P01930660T0000|0 7|Insulin
P01930660T0000|0 26|Insulin - like growth factor
P01972379T0042|91 94|CAD
P01978834A0076|109 110|H
P01989999A0000|0 27|Adenylosuccinate synthetase
P02002511A0637|24 26|PB
P02033038A0309|28 30|E3
P02033038A0309|127 129|E3
P02052544A0641|17 31|DNA polymerase
P02052544A0641|17 34|DNA polymerase II
P02052544A0641|75 78|2 -1
P02052544A0641|118 132|DNA polymerase
P02052544A0641|118 135|DNA polymerase II
P02052592A0000|329 338|TNF - alpha
P02145268A1454|47 49|IV
P02154599T0000|133 137|AP -1
P02162754A0339|68 70|L1
P02164604A0399|52 54|E2
P02164604A1574|29 31|E2
P02164604A1574|29 40|E2 proteins
P02164604A1574|172 174|E2
P02170687A0000|4 6|E6
P02170687A0000|7 9|E7
P02179815A0582|7 10|p 59
P02179815A0582|92 95|p 68
P02179815A0582|212 215|p 68
P02179815A0582|321 324|p 59
P02188168A0000|42 43|M
P02196311A1034|102 105|RNL
P02196450A0870|93 96|QBP
P02196450A0870|198 201|QBP
P02196565A0606|85 89|RAP1
P02196565A0606|120 123|TUF
P02196565A0606|159 162|MAT
P02196565A0606|246 250|RAP1
P02196565A0606|251 254|TUF
P02204029A0184|0 5|RNase
P02204621T0000|60 87|tRNA nucleotidyltransferase
P02204621T0000|121 148|tRNA nucleotidyltransferase
P02236064A1178|0 2|S6
P02293019A0000|0 19|Antileukoproteinase
P02300759A0000|140 142|T2
P02307848A0347|137 139|R1
P02307850A0000|104 110|RNKP -1
P02307850A1197|17 23|RNKP -1
P02319610A1527|119 121|Cl
P02323517A0557|94 96|E2
P02332018A0538|132 134|GH
P02351239A0693|152 155|HDC
P02351239A0693|194 197|ECL
P02354381A0207|151 152|H
P02354381A0207|180 181|H
P02362161T0000|0 2|MK
P02390989A0745|59 62|GPE
P02419327A0998|152 154|IV
P02424743A0280|11 13|P2
P02474093T0000|0 11|Angiotensin
P02498652A0460|109 112|GH3
P02507523A0791|4 8|ORF1
P02507523A0791|52 56|ORF2
P02507523A0791|87 91|ORF1
P02509123A0371|46 50|P100
P02522297A0000|30 32|A2
P02550682A0411|90 94|20.5
P02566613T0000|0 12|Somatostatin
P02566613T0000|109 129|DNA - binding proteins
P02574052A0910|53 59|Type A
P02575959A0643|104 106|T2
P02585492A1005|89 91|P1
P02585492A1005|122 124|P1
P02631743A0275|89 90|H
P02642466T0000|25 72|47 - kilodalton major integral membrane immunogen
P02669199A0000|0 21|Tumor necrosis factor
P02708353A1452|76 78|IV
P02725513A0617|141 142|G
P02731671A0000|112 114|S2
P02760922A0000|61 63|A1
P02778873A0761|115 117|A1
P02778873A0761|125 127|A2
P02789062A0000|28 30|F2
P02817724A0075|29 31|T1
P02817724A0075|36 38|T2
P02820128A1670|264 266|T2
P02824334A0972|28 29|G
P02826127A0709|123 125|B2
P02830214A0000|47 49|Cl
P02839716A0673|16 18|E2
P02839716A0673|16 27|E2 proteins
P02839716A1907|23 25|E2
P02839716A1907|38 40|E2
P02839716A1907|107 109|E2
P02843694T0001|8 9|E
P02845654A0510|74 76|P2
P02845654A0510|217 219|P1
P02846852A1459|49 50|E
P02868446A0184|60 71|DNA primase
P02902615A0000|38 41|HBV
P02906027A1156|49 50|G
P02906673T0000|57 58|H
P02919832A0144|38 39|M
P02920591A0251|100 102|IV
P02920591A0251|142 144|IV
P02943562T0000|0 13|Penicillinase
P02958204A0175|93 95|PL
P02958204A0175|109 111|A1
P02962859A0276|126 135|A antigen
P02976332A1277|21 25|PGI2
P02985820A1287|67 72|c - myc
P02998043A1199|46 47|M
P02998043A1199|181 183|G2
P03001353A0146|65 68|P58
P03001353A0146|129 132|P85
P03004739A0753|21 22|G
P03016301A0605|93 98|c - myc
P03016301A0605|138 143|c - myc
P03020513T0000|29 46|DNA topoisomerase
P03033283A0837|64 68|IE68
P03060846T0000|27 29|L1
P03061301A1409|43 45|F1
P03061383A0000|134 139|TEM -1
P03102289A0786|208 210|E2
P03104248A0322|61 63|G1
P03104248A0322|111 113|G2
P03108171A0088|73 75|S2
P03178161A0000|109 110|E
P03178161A0000|112 115|B12
P03235487A0404|28 29|M
P03263465T0000|30 31|H
P03263465T0000|40 41|H
P03263465T0000|88 89|H
P03280021A1615|78 79|M
P03280021A1615|106 107|M
P03282232A0743|92 94|DP
P03351478A0371|55 56|G
P03370815T0000|90 93|B12
P03428084A0430|88 92|P100
P03484894A0782|118 120|IV
P03491190A0233|36 39|RCA
P03499657A0000|0 11|Osteocalcin
P03597269A0409|71 73|La
P03659994A0150|128 130|T1
P03659994A0150|190 192|T2
P03746906A0000|118 124|Type A
P03759330A0713|19 21|F1
P03759330A0713|26 28|F2
P03759330A0713|85 87|G1
P03759731A0992|101 103|IV
P03818866A0116|11 17|Type A
P03824908A0116|4 5|M
P03824908A0116|200 201|M
P03874921A0862|130 132|EP
P03928678T0000|0 29|Thyrotropin - releasing hormone
P03940818T0000|33 36|HBV
P04000347A0442|131 134|BEN
P04000347A0442|166 169|BEN
P04032349A0000|194 205|Plasminogen
P04068969A0300|0 2|L3
P04068969A0300|3 5|L4
P04070725A0442|10 14|P100
P04518624T0000|0 22|Glutathione peroxidase
P04536964T0000|18 19|H
P04536964T0000|33 34|H
P05027295T0034|0 14|Cholinesterase
P05359130T0086|0 2|IX
P05394461T0001|18 20|HB
P05594277T0051|20 23|P32
P05908762T0031|0 2|IV
P06141764A0339|43 45|PB
P06141764A0339|124 126|PB
P06281759A1086|8 13|RNase
P06281759A1086|82 84|PL
P06310608A0749|68 69|M
P06310608A0749|182 183|M
P06345840A0348|33 35|CI
P06345840A0348|42 44|CI
P06361318A0440|55 57|R1
P06361318A0440|165 167|R1
P06388818A0000|194 197|HDC
P06468673A0358|25 27|E2
P06506074A0456|0 2|E2
P06506074A0456|43 45|PL
P06506074A0456|91 93|PL
P06513456T0001|0 14|Adenyl cyclase
P06527379T0044|45 47|B1
P06527872T0000|201 204|ACP
P06684624A0736|8 31|N - acetylglucosaminidase
P06698047A0445|4 13|Prolactin
P06854957T0066|42 43|M
P06872800T0000|54 57|HBV
P06946693T0000|21 23|F2
P06959130A0996|77 79|IX
P07061263A0293|100 102|Px
P07113897A0285|121 123|NS
P07113897A0285|182 184|NS
P07243380A0327|73 76|P50
P07298523T0000|41 43|F2
P07365183A0000|239 243|SECT
P07413242A0000|71 73|T1
P07413242A0000|74 76|L3
P07436794A0148|49 52|CCA
P07438482A0145|131 133|E2
P07474140A1036|177 178|E
P07474140A1036|184 185|H
P07477245A0625|60 62|B1
P07477245A0625|63 65|B2
P07477245A0625|66 68|G1
P07477245A0625|69 71|G2
P07477245A0625|106 108|B1
P07477245A0625|111 113|G1
P07490083A0000|0 18|Carbonic anhydrase
P07490770A0267|181 197|DNA endonuclease
P07499401A0444|28 29|H
P07499401A0444|34 35|H
P07499401A0444|53 54|H
P07499401A0444|78 79|H
P07500386A0870|15 21|GapIII
P07500386A0870|72 78|GapIII
P07505798A0000|167 168|H
P07511496A1511|38 39|E
P07511496A1511|38 48|E - selectin
P07513703T0000|63 70|SH - PTP2
P07516337A1119|56 59|p 95
P07518257A0351|118 120|P2
P07518426A0000|0 13|Interleukin -8
P07518578A0000|48 57|pp 60 v - src
P07518578A0000|92 101|pp 60 c - src
P07518578A0000|219 228|pp 60 v - src
P07518578A0000|320 329|pp 60 c - src
P07521009A0377|148 149|G
P07521009A0377|158 159|G
P07521009A0377|160 161|G
P07522163T0000|57 58|H
P07528325A0165|52 54|GH
P07530502T0000|15 27|Steel factor
P07531321A0369|83 85|CI
P07541912A0485|82 83|G
P07541912A0485|114 116|P1
P07541912A0485|121 123|P2
P07543592A0624|54 56|E5
P07547500A0066|49 52|p 40
P07547500A0066|138 141|p 40
P07547510A0261|247 249|H3
P07559233A0534|0 16|Citrate synthase
P07565669T0000|4 7|p 21
P07565713A0634|47 52|HSP60
P07568118A1267|27 28|G
P07568118A1267|122 125|p 21
P07568118A1267|122 128|p 21 ras
P07569075A0585|85 87|PR
P07569640A0539|93 95|G2
P07575416A0000|0 14|Protein kinase
P07575416A0000|0 16|Protein kinase C
P07579683A0660|101 106|c - myc
P07579695A0336|148 152|CBF1
P07592711T0000|69 70|G
P07592711T0000|69 78|G protein
P07601828A0095|104 108|orfX
P07608268A0194|162 164|DP
P07623807A0162|50 55|Raf -1
P07626469A1341|52 54|M1
P07628451A0114|91 95|p 300
P07629113A0726|0 3|SCA
P07629150A0155|23 25|A1
P07636179A0000|94 97|pRb
P07636179A0000|103 105|G1
P07636984A1349|37 40|SP1
P07652575A0435|82 85|Rho
P07657705A1181|28 38|K - glypican
P07658262A0944|0 9|Protein S
P07663998T0000|30 32|IV
P07670504A0834|110 111|G
P07672821A0763|48 49|H
P07672821A0763|130 131|H
P07672821A0763|147 148|H
P07679390A0721|0 5|RNase
P07681147A1420|161 170|pp 60 c - src
P07683375A0000|80 82|E2
P07693708A0000|0 7|Insulin
P07693708A0000|0 26|Insulin - like growth factor
P07693975A1418|111 113|PR
P07696183A0567|66 82|Src - like kinases
P07696183A0567|493 496|p 54
P07704040A0000|68 100|NAD ( P ) H : menadione oxidoreductase
P07704040A0000|74 75|H
P07704040A0000|120 121|H
P07706273T0000|0 26|Transcriptional regulation
P07706273T0000|43 44|H
P07706273T0000|55 57|B2
P07706291T0000|3 4|E
P07737944A0000|0 28|Hematopoietic growth factors
P07739542A1419|31 32|E
P07739542A1419|81 83|G1
P07739544A0364|163 183|DNA - binding proteins
P07739566A1076|18 22|BSAP
P07745696A0932|84 85|G
P07748493A1045|125 128|ELH
P07748952A0462|47 49|P1
P07749461A0632|143 145|G1
P07759529A0288|77 86|gp 91 - phox
P07784061A0894|24 25|G
P07784061A0894|24 34|G proteins
P07791783A0000|122 128|SOX - LZ
P07799925A0526|69 72|p 59
P07799925A0526|222 225|p 59
P07799948A0777|78 83|Raf -1
P07799948A0777|138 143|Raf -1
P07800505T0000|78 80|A2
P07802655T0000|106 108|L1
P07823919A1422|117 120|ARP
P07829097A0000|92 93|G
P07832779A0719|37 38|H
P07852400A0519|0 3|Rho
P07852400A0519|32 35|Rho
P07859739T0000|83 86|p 16
P07864652A0753|56 58|H1
P07864652A0753|87 89|L2
P07864652A0753|108 110|H1
P07864652A0753|111 113|L2
P07864652A0753|204 206|E2
P07876191A0808|20 22|IV
P07890674A0916|29 30|E
P07890674A0916|74 75|E
P07891713T0000|91 93|E2
P07896088A0720|88 92|RAP1
P07897359A0354|39 48|F protein
P07919540A0240|63 68|c - myc
P07919540A0240|78 81|p 64
P07926774A0652|4 7|p 73
P07926774A0652|12 15|p 85
P07926774A0652|76 79|SCB
P07927711A0698|0 5|ORF 2
P07932095A0000|43 45|IV
P07934666A0158|80 82|T2
P07934666A0158|89 91|T2
P07934666A0158|100 102|T2
P07934666A0158|109 111|T2
P07935451T0000|138 141|p 65
P07937954A0612|0 3|HBx
P07937965T0000|8 13|c - myc
P07937965T0000|92 94|L1
P07942448A1227|55 57|IV
P07954475A0714|89 91|F1
P07954475A0714|135 137|F1
P07957559A1557|108 110|S6
P07958898A1050|15 23|dTFIIA - L
P07959734A0194|130 135|Gp 135
P07964624A0491|174 175|M
P07966583A1268|86 88|B1
P07982995A0000|128 129|H
P07983715A0996|130 132|P4
P07988559A0836|24 35|RBP - J kappa
P08006773A0836|52 56|PGI2
P08006773A0836|212 216|PGI2
P08020962A1226|111 113|L1
P08055939A0159|74 76|H1
P08055939A0159|199 201|H1
P08062824A0626|154 161|FKBP -12
P08062833A0000|105 106|E
P08063836A0904|33 38|c - myc
P08072547T0000|45 46|H
P08076631A0000|36 40|AP -1
P08076631A0000|87 91|AP -1
P08076631A0000|135 139|AP -1
P08083999A0501|64 66|E2
P08083999A0501|64 75|E2 proteins
P08083999A0501|94 96|E2
P08083999A0501|159 160|M
P08085609A0384|72 74|M1
P08091669A0828|21 24|P35
P08093616A1214|87 101|DNA polymerase
P08094927A0311|46 56|6K protein
P08101134A0376|78 82|MPTP
P08106087A0139|33 44|27 kDa zein
P08106325A0000|44 63|DNA - binding protein
P08114745A0953|47 49|La
P08118044A0318|101 103|P1
P08119907A0000|42 45|p 21
P08119907A0000|42 48|p 21 ras
P08132574A0831|97 100|RP1
P08132574A0831|108 111|HLA
P08132574A0831|134 140|CYP1A 1
P08139031A1168|120 124|ORF4
P08139031A1168|356 360|ORF4
P08199204A0746|0 1|H
P08199204A0746|125 127|P2
P08200528A0970|181 185|REP2
P08207405A0372|220 225|HSP70
P08219081A0000|79 81|PR
P08219081A0000|79 83|PR -1
P08219227A0830|49 53|AP -1
P08219227A0830|177 181|AP -1
P08227129T0000|59 68|C protein
P08245013A0000|79 80|G
P08246987A0260|51 54|p 56
P08253958A0000|106 107|G
P08264631A0746|117 121|ADH2
P08264664A0128|51 55|AP -1
P08282576A0297|44 46|T1
P08288554A0295|79 82|p 32
P08289593A1404|55 57|MK
P08289593A1404|208 210|MK
P08290421A0165|23 25|IV
P08301841A0000|15 17|Px
P08304342A0605|226 229|HLA
P08304342A0605|273 276|HLA
P08306834A0866|0 2|T2
P08321203A0840|11 14|p 65
P08321203A0840|16 19|p 50
P08327488A0839|232 235|p 70
P08332495A0408|142 159|T7 RNA polymerase
P08334158A0660|99 109|S proteins
P08352066A0000|42 44|E2
P08374753A0335|32 34|T2
P08378082A1031|70 73|p 21
P08378082A1031|70 76|p 21 ras
P08382359A0469|175 178|pRb
P08383214A0389|98 103|RNase
P08383214A0389|104 105|H
P08386318A1102|47 49|H7
P08386318A1102|183 188|Raf -1
P08386592A0089|0 13|Growth factor
P08394464A1080|92 94|p 2
P08396261A0388|484 488|BL21
P08400240A0166|35 38|HS2
P08405433A0000|41 47|IGF - II
P08405433A0000|79 81|P1
P08405433A0000|83 85|P2
P08405433A0000|87 89|P3
P08405433A0000|94 96|P4
P08413209A0159|95 115|DNA - binding proteins
P08413260A1437|123 125|G2
P08417331A0745|100 101|G
P08417331A0745|126 136|transducin
P08421910A0599|59 62|p 30
P08421910A0599|64 67|p 37
P08421910A0599|69 72|p 46
P08421910A0599|74 77|p 50
P08421910A0599|83 86|p 56
P08428750T0000|97 100|p 13
P08428952A0399|9 18|L - plastin
P08429020A0495|126 128|IX
P08438584T0000|20 32|coat protein
P08441394A1297|132 137|c - myc
P08441394A1297|160 169|PKC - delta
P08441411A1260|290 292|G1
P08441869A0334|12 15|MO2
P08449133A0578|58 60|T2
P08449943A0225|71 73|Cl
P08454077A0956|371 373|NS
P08454858A0285|0 8|Ig - alpha
P08454858A0285|13 20|Ig - beta
P08463284A1531|26 29|p 34
P08476854A0097|103 105|P1
P08497273T0000|3 5|HB
P08497273T0000|7 11|BSAP
P08505075A0236|27 31|39.1
P08510924A0490|69 74|HSP70
P08510924A0490|87 99|Myb proteins
P08514766A0732|23 30|CDC42 Ce
P08514766A0732|80 105|GTPase - activating protein
P08521414A1384|87 90|p 16
P08521414A1384|239 242|p 16
P08521717A0126|159 179|Factor VIII activity
P08523545T0000|33 35|E7
P08523566A1106|37 41|P -40
P08524314A0216|177 197|DNA - binding proteins
P08530503A1004|16 19|ARP
P08530503A1004|109 111|L1
P08536694A0000|0 15|Protein kinases
P08546707T0000|111 115|Bp 50
P08554723A0187|171 172|M
P08561897A0604|175 179|AP -1
P08566754A0783|194 201|ASF / SF2
P08574583A0658|67 69|G2
P08575618A1138|0 5|RNase
P08576546A0975|55 58|HDC
P08584026A0115|35 37|P1
P08584026A0115|42 44|P2
P08585994A0567|136 138|A1
P08600028A1129|139 150|Myc protein
P08601616A0726|101 103|G1
P08602169A0484|122 125|MAT
P08614403A0989|101 102|E
P08618433A0000|151 156|STK -1
P08620889A0771|22 23|G
P08621453A0815|68 69|H
P08621730T0000|3 7|AP -1
P08626437A0332|170 173|p 34
P08627667A0132|19 23|AP -1
P08628681A0821|120 134|DNA polymerase
P08628681A0821|120 136|DNA polymerase I
P08631934A0000|157 158|G
P08631934A0000|165 166|G
P08631934A0000|171 172|G
P08631958T0000|97 100|p 53
P08632015A0879|59 73|DNA polymerase
P08636124A0410|56 60|p 150
P08637006A0000|30 32|E2
P08637717A0817|54 57|p 21
P08637717A0817|143 144|E
P08637717A1231|132 135|p 21
P08643633A1187|62 66|CBF1
P08643682A0268|67 72|SMMHC
P08645214A1052|17 21|BL21
P08647086T0000|0 6|Cyclin
P08648665A1320|4 6|E8
P08648665A1320|25 27|E6
P08649372A0501|103 105|G2
P08649372A0501|110 111|M
P08649389A0692|27 29|P2
P08649389A0692|164 169|c - myc
P08649427A0689|77 102|GTPase - activating protein
P08654390A0000|0 14|Heme oxygenase
P08654390A0000|0 16|Heme oxygenase 1
P08654946A0986|88 90|P3
P08657157A0000|0 26|Transcriptional regulators
P08661101A0396|87 91|CRP1
P08662852A1297|105 108|2 AR
P08663127A0697|61 65|NKCC
P08668124A0744|8 10|A2
P08668210A0000|72 77|Raf -1
P08670910A0156|0 14|DNA polymerase
P08670910A0156|15 16|E
P08670910A0156|18 28|DNA ligase
P08670910A0156|18 32|DNA ligase III
P08672242A0517|78 80|P1
P08676456A0879|83 87|AP -1
P08676858A1084|38 40|T2
P08676858A1084|43 48|RNase
P08691106A0733|9 11|D8
P08706662A1125|184 186|P2
P08706731A1303|270 272|PR
P08707840A0753|52 55|p 58
P08707840A0753|130 133|p 62
P08709251A0000|160 172|DNA helicase
P08717391A0466|229 234|HBcAg
P08720407A1386|173 175|E2
P08722011A0103|181 184|L15
P08722011A0103|207 210|L12
P08722568A1001|131 133|H3
P08723352A0084|43 45|G1
P08723352A0084|163 166|pRb
P08728040T0000|126 127|M
P08731222A0000|302 304|C7
P08751635A0135|78 81|CA1
P08754840A0793|58 61|Rho
P08754840A0793|58 62|Rho 1
P08756332A0000|38 58|GTP - binding proteins
P08770896A1121|35 41|IGF - II
P08798420A0207|114 118|AP -1
P08816498A0000|28 33|Raf -1
P08825554A0000|0 15|Tristetraprolin
P08835969A0000|114 116|EP
P08836172A1382|96 97|E
P08836172A1382|130 133|p 21
P08838144A0107|129 131|S2
P08838585A0968|90 93|p 21
P08846775A0110|105 107|G1
P08853303A0431|91 93|IV
P08853303A0431|232 234|T1
P08853303A0431|254 256|T1
P08858211A0694|38 40|L1
P08876167A0717|178 187|gp 91 - phox
P08879237A0744|146 147|G
P08882710A0000|0 10|Interferon
P08892859A0563|71 73|T9
P08896272A0000|67 69|IV
P08898336A0268|0 5|RNase
P08898893A0202|200 207|HT -1080
P08900190A0430|0 14|Growth factors
P08910292T0000|25 45|GTP - binding proteins
P08910373A0315|32 35|PP2
P08914388A1645|23 24|H
P08921865A1293|111 115|gp 17
P08923460A0565|0 6|RUSH -1
P08923460A0565|45 51|RUSH -1
P08932363A0807|87 90|CBP
P08932363A0807|118 121|DP1
P08932363A0807|153 156|CBP
P08935991A0844|61 63|IV
P08937981A0840|105 108|p 46
P08937981A0840|178 181|p 54
P08940134A0705|99 103|p 130
P08955071T0000|64 68|ORC1
P08955136A0606|35 40|PIP5K
P08955136A0606|57 62|PIP5K
P08955136A0606|110 115|PIP5K
P08955159A0000|28 60|N - acylsphingosine amidohydrolase
P08955306A0224|112 116|ORF1
P08970951A0823|146 149|HBV
P08970991A0747|53 56|p 53
P08973527A0000|36 48|coat protein
P08974135A0052|37 39|B1
P08974135A0052|121 123|B1
P08975713A0454|82 85|p 53
P08975713A0454|208 211|p 53
P08977235A0134|0 1|G
P08978817A0620|57 60|2 -1
P08980413A0500|4 7|P13
P08980413A0500|67 69|P2
P08980536A1196|29 30|G
P08980536A1196|39 40|H
P08985122A0501|21 23|P1
P08985122A0501|184 187|SP1
P08985122A0501|215 216|G
P08986812A1214|17 20|p 53
P08994832A0782|22 27|Apo -3
P08995410A1109|140 144|p 110
P08995410A1109|146 149|p 66
P08995410A1109|151 154|p 48
P08995410A1109|156 159|p 47
P08995410A1109|161 164|p 44
P08995410A1109|166 169|p 40
P08995410A1109|171 174|p 36
P08995410A1109|180 183|p 35
P08999857A0801|13 14|E
P09003001A1909|4 5|E
P09003001A1909|26 29|SE2
P09003001A1909|125 126|E
P09006914A1127|153 154|E
P09006914A1127|153 163|E - selectin
P09010223A0667|35 39|ELK1
P09011744A0790|299 301|F1
P09013499A0198|75 104|N - methyl - D - aspartate receptor
P09013499A0198|116 118|MK
P09019302A0600|16 19|PLP
P09021684A1418|176 178|B2
P09023378A0959|24 28|CBF1
P09024039A0247|140 143|CCA
P09024793A1325|127 128|E
P09028308A0590|155 156|G
P09029091A0881|138 140|A2
P09032254A0724|36 40|AP -1
P09032267A0850|49 52|CBP
P09032267A0850|115 118|p 45
P09032267A0850|122 124|E2
P09032328A0650|97 102|ORF11
P09032328A0650|107 112|ORF17
P09038166A0818|6 8|A1
P09038166A0818|14 16|A1
P09049270A0488|26 33|LeMT ( A )
P09050849A0000|0 11|Cytohesin -1
P09058373A0670|0 5|RNase
P09062130A0116|217 223|PTPase
P09079625A0935|0 8|Syndecan
P09079625A0935|0 10|Syndecan -4
P09083291A1378|79 81|G1
P09083291A1378|142 143|E
P09083291A1378|229 232|pRb
P09083291A1378|236 238|G1
P09084174A0667|72 103|3 - isopropylmalate dehydrogenase
P09086268A0611|84 86|P2
P09098899A0000|117 119|P2
P09099745A1446|120 123|p 27
P09099745A1446|242 243|E
P09099745A1446|302 323|CDK - activating kinase
P09101085A0686|80 83|p 27
P09108451A0160|88 90|G1
P09111004A0732|125 128|L12
P09111004A0732|189 192|L12
P09111309A0674|111 113|HB
P09111340A0240|44 49|c - myc
P09111367A1098|185 188|p 53
P09111367A1098|335 340|c - myc
P09111367A1098|544 546|M3
P09115247A2069|19 21|SK
P09118704A0771|67 68|G
P09118704A0771|109 111|CI
P09123787A0486|67 69|R1
P09135149A0000|50 51|M
P09138076A1099|152 153|E
P09138076A1099|164 165|E
P09143465A0838|5 7|T1
P09143465A0838|17 19|T1
P09144165A1275|110 114|AP -1
P09148929A0372|4 6|P1
P09151828A0919|53 57|ORF1
P09151837A0723|0 3|Rep
P09151837A0723|4 7|Rep
P09154795A0628|98 112|DNA polymerase
P09154795A0628|98 117|DNA polymerase beta
P09162097A0776|191 201|L - selectin
P09168134A0858|82 83|E
P09171239A1118|191 195|AF -2
P09176837A0211|70 72|PN
P09178491A0262|70 73|HBV
P09192842A0988|57 59|PE
P09192842A0988|57 61|PE -2
P09192998A0356|97 99|T2
P09192998A0356|164 166|T1
P09197241A0770|96 99|p 56
P09197241A0770|112 115|p 53
P09197241A0770|136 139|p 58
P09199327A1250|161 166|TEF -1
P09199932A1357|125 128|E14
P09201946A0000|24 36|DNA helicase
P09201980A0910|4 7|p 20
P09211354A0000|0 13|Stromelysin -1
P09211981A0526|67 70|p 13
P09211981A0526|207 210|p 34
P09220158A0537|135 140|ORF -2
P09223479A1193|4 6|M1
P09225682A0579|96 99|PEN
P09225682A0579|203 206|PEN
P09227799A0254|179 182|SEA
P09233801A1180|10 13|L45
P09233801A1180|49 51|IV
P09234725A1892|126 130|AP -1
P09236656A0124|88 92|16.2
P09242506A1033|74 76|DP
P09254678A0106|119 122|MBP
P09254678A0106|150 153|PLP
P09254678A0106|227 230|MBP
P09254678A0106|235 238|PLP
P09254678A0106|320 323|PLP
P09265932A0575|83 85|L2
P09268661A1405|132 135|CCA
P09271393A1333|58 61|CBP
P09271393A1333|144 147|CBP
P09278445T0000|29 34|RNase
P09282911A0277|75 78|RC3
P09287362A0589|44 47|p 50
P09287362A0589|131 134|PTP
P09287362A0589|131 139|PTP - PEST
P09294161A0650|52 61|p45 NF - E2
P09294161A0650|59 61|E2
P09294161A0650|102 104|E2
P09294453A0949|4 8|ORF3
P09294453A0949|69 73|ORF3
P09305592A0000|121 125|p 210
P09305755A0540|230 233|AP2
P09305870A0894|103 107|hDlg
P09305944A0621|17 23|RanGAP
P09311568A0595|52 53|E
P09311568A0595|59 60|G
P09312028A0975|154 158|AF -2
P09314554A0149|246 248|PR
P09315651T0000|41 47|R - FABP
P09326163A0942|86 88|CI
P09331864A0230|24 26|E2
P09331864A0230|220 221|H
P09331864A0230|242 244|E2
P09331864A0230|258 259|H
P09331864A0230|279 280|H
P09331864A0230|311 312|H
P09331864A0848|6 8|E2
P09335619A0583|67 69|R1
P09335619A0583|145 147|M1
P09341139A0690|61 64|2 AR
P09341193A0362|24 27|Sp 3
P09353247A0922|68 71|p 65
P09364750T0000|0 26|Transcriptional regulation
P09368419A0628|146 153|rd 22 BP1
P09371698A1254|26 28|SK
P09371698A1254|211 214|SP1
P09373140A0000|10 11|M
P09380507A0514|0 25|Glutathione S - transferase
P09380507A0514|44 46|DP
P09380507A0514|128 142|DNA polymerase
P09382886A1061|145 148|p 53
P09389137A0763|45 47|T1
P09389137A0763|54 56|L2
P09393771A1659|0 9|TNF - alpha
P09393771A1659|58 78|RNA - binding proteins
P09393771A1659|116 135|RNA - binding protein
P09417493A0823|102 120|C - reactive protein
P09417493A0823|155 157|E2
P09418040T0000|258 259|H
P09426068A0826|4 9|c - myc
P09426068A0826|195 200|c - myc
P09426595T0000|0 6|Lysine
P09427627A0930|119 122|p 70
P09427627A0930|123 125|S6
P09435056A0128|242 245|MBP
P09444316A0388|87 89|F1
P09446616A0780|18 23|Raf -1
P09447962A1027|76 93|5 ' -3 ' exonuclease
P09452444A0000|0 13|Interleukin -6
P09453537A0863|122 125|SP1
P09455695A0762|106 107|E
P09478971A1896|147 149|B1
P09482902A0423|156 159|p 15
P09482902A0942|35 38|p 16
P09482902A0942|161 163|D2
P09482902A0942|364 367|p 16
P09488441A0615|78 88|P - selectin
P09488441A0615|151 161|P - selectin
P09512550T0000|75 78|pRb
P09512550T0000|84 87|CBP
P09514272A0482|111 114|P15
P09519828A0809|15 17|E2
P09519828A0809|137 139|E2
P09523551A0367|75 76|G
P09523551A0367|75 84|G protein
P09525888A1482|12 16|FLAP
P09527921A1178|104 107|Rep
P09528766A0915|48 51|p 38
P09533030T0000|0 12|Cytochrome b
P09535892A0000|39 40|G
P09535892A0000|39 49|G proteins
P09536901A0362|27 29|T1
P09536901A0362|43 45|T2
P09536901A0362|68 70|T2
P09544991A0483|28 31|SHP
P09545353A1071|160 161|E
P09545353A1071|160 170|E - selectin
P09545353A1071|198 207|TNF - alpha
P09545638A0836|17 19|L2
P09547311A1394|61 62|E
P09547311A1394|103 104|E
P09547311A1394|253 254|E
P09548481A0000|52 54|P1
P09551972A1033|141 143|F1
P09556561A0671|10 11|H
P09557678A0140|92 94|E2
P09557678A0140|92 102|E2 protein
P09557678A0140|212 214|G1
P09564860A2315|96 97|G
P09564860A2315|243 245|Gs
P09565576T0000|33 50|DNA topoisomerase
P09576915A0269|77 78|E
P09577365A0747|88 90|IV
P09579808A0000|40 71|N - acetylglucosaminyltransferase
P09581834A2578|238 240|G1
P09582306T0000|78 79|G
P09582306T0000|78 87|G protein
P09582331A0506|110 113|SP1
P09584165T0000|78 79|G
P09584165T0000|78 88|G proteins
P09584194A0000|6 10|p 130
P09584194A1305|112 114|G2
P09584194A1305|115 116|M
P09584194A1305|212 215|p 55
P09601516A0695|72 76|PEP1
P09601516A0695|112 121|S protein
P09605934A0801|5 6|E
P09618150A1464|29 33|AP -1
P09620873A1710|101 110|PKC - delta
P09625762A0426|71 75|p 300
P09629449A0540|106 118|PMN elastase
P09632734A0943|59 63|p 126
P09636358A0000|21 24|VAI
P09638342T0000|21 23|L1
P09638650A0169|125 126|M
P09638650A0169|138 166|RNA - dependent RNA polymerase
P09638650A0169|168 172|ORF1
P09638650A0169|202 206|ORF2
P09638650A0169|236 240|ORF3
P09638650A0169|270 274|ORF4
P09638650A0169|284 296|coat protein
P09642214A0244|67 70|SHP
P09642214A0244|162 165|SHP
P09643153T0000|20 22|T1
P09647240A0000|203 206|p 53
P09652736A1205|55 58|p 53
P09652736A1205|87 91|p 300
P09652736A1205|144 146|DP
P09652737A1244|87 90|Fra
P09652737A1244|97 100|Fra
P09652737A1244|218 222|AP -1
P09652742A0455|139 144|c - myc
P09660823A0934|57 60|Akt
P09660823A0934|69 71|S6
P09669641A0425|33 35|PE
P09677410A1059|79 82|HBV
P09677410A1059|119 122|HBV
P09677410A1059|176 179|HBx
P09677410A1059|234 237|p 53
P09694514A0000|15 32|C3 a anaphylatoxin
P09694514A0000|74 75|G
P09701616A0108|0 21|Reverse transcriptase
P09703021A0000|27 47|N - acetyltransferases
P09705324A0213|120 150|CCAAT / enhancer - binding protein
P09705497A0227|110 113|2 -1
P09705564T0000|73 75|E5
P09707498A0262|0 2|MK
P09708450A0648|154 155|G
P09710582A0535|14 17|Rho
P09710582A0535|21 25|AP -1
P09710582A0535|162 165|Rho
P09710582A0535|174 178|AP -1
P09712644T0000|0 26|Transcriptional regulation
P09712898T0000|0 21|Tumor necrosis factor
P09712898T0000|108 111|p 38
P09713996T0000|122 136|P - glycoprotein
P09714835A0345|138 139|E
P09715278A1079|126 128|G1
P09716435A1004|163 165|PR
P09726988A0275|38 39|M
P09727046A0784|4 8|CBF1
P09727046A0784|21 24|HS2
P09727046A0784|92 94|E2
P09730413A0642|174 176|T1
P09731704A0000|110 112|E2
P09731704A1472|122 124|E2
P09735366A1180|70 71|E
P09738010A0305|106 107|E
P09744095A1016|271 274|CAB
P09749533A0764|0 8|Clone 39
P09759865A0673|28 37|TNF - alpha
P09765261A0000|345 346|G
P09776360A0620|64 68|AP -1
P09781874A1061|7 10|2 -1
P09784192A1027|20 23|MBP
P09797456A0883|57 62|c - myc
P09797456A0883|120 125|c - myc
P09802206A1058|146 148|S7
P09811695A1146|72 74|PR
P09811695A1146|122 125|p 15
P09811695A1146|126 127|E
P09813635A0678|91 93|P3
P09819440A0783|71 75|RPB5
P09822602A0237|56 61|HIF -1
P09822602A0237|232 252|CREB - binding protein
P09822602A0237|254 257|CBP
P09822685A0596|49 53|ECAM
P09828137A0000|99 101|G2
P09828137A0000|102 103|M
P09829843A0819|159 160|G
P09837907A0857|160 164|AP -1
P09837913A0000|19 21|D2
P09840928A0884|64 66|H3
P09840928A0884|126 128|H3
P09843378A0187|13 15|D4
P09843577A0000|76 78|G2
P09843577A0000|79 80|M
P09844106A0835|86 89|ST2
P09848653A0597|69 89|RNA - binding proteins
P09849421A0332|199 202|C30
P09852136A0507|110 113|Rho
P09854034A0536|44 45|G
P09858883A1106|45 46|M
P09858883A1106|45 48|M -1
P09858883A1106|70 72|A3
P09858883A1106|99 100|M
P09858883A1106|99 102|M -1
P09858883A1106|124 126|A3
P09860979A0521|14 18|p 130
P09864689A1408|37 38|M
P09867253A0229|130 134|AP -1
P09872832A1262|169 178|TNF - alpha
P09880029A0703|48 51|Rep
P09880029A0703|65 68|Rep
P09880029A0703|181 184|Rep
P09880029A0703|281 283|C6
P09880103A0387|90 91|M
P09881666A0535|66 70|AP -1
P09884275T0000|0 10|Interferon
P09892642A0172|6 18|DNA helicase
P09892642A0172|46 48|E2
P09892642A0172|46 56|E2 protein
P09892736A0343|166 170|ORC1
P09914518A1217|170 172|E2
P09917064T0000|14 17|p 82
P09917389A1239|15 20|RNase
P09917389A1239|15 22|RNase E
P09917389A1239|21 22|E
P09920775A0075|166 169|P19
P09988682T0033|57 88|N - acetylglucosaminyltransferase
P09990060A0937|53 57|p 300
P09990507A0000|78 80|E3
P10022850A0929|57 59|H1
P10024383T0000|0 10|Calcitonin
P10026211A0136|95 125|CCAAT / enhancer - binding protein
P10034615T0000|81 82|H
P10037681A0494|122 124|D4
P10049912T0000|18 23|RNase
P10066798A0391|0 6|Cyclin
P10068834A0713|31 33|PE
P10074425A0729|41 42|E
P10078734A0480|4 5|H
P10080901A0271|142 144|L9
P10082573A1015|54 57|HS2
P10082573A1015|59 62|HS3
P10082573A1015|68 71|HS4
P10090125A0750|68 69|M
P10102627A0217|35 39|AP -1
P10194451A0000|65 69|p 210
P10200473A0171|57 64|Usurpin
P10200473A0171|99 106|Usurpin
P10202006A0546|65 89|Staphylococcal protein A
P10205099A0377|146 149|T12
P10212278A0387|0 24|Stress - inducible protein
P10212278A0387|118 136|N - terminal protein
P10218357A0486|51 53|G2
P10224257A0079|135 137|P2
P10225279A0450|99 104|ORF -1
P10228561A0539|40 54|DNA polymerase
P10228561A0539|40 59|DNA polymerase beta
P10229084A0000|44 47|p 59
P10229084A0000|391 399|SLAP -130
P10229668A0190|48 50|G1
P10232600T0000|0 25|Prostate - specific antigen
P10318806A0000|166 169|p 38
P10318806A0918|169 194|GTPase - activating protein
P10318806A0918|252 255|SHP
P10318806A0918|359 362|p 38
P10327051A0688|151 155|p 300
P10327051A0688|156 159|CBP
P10329736A1106|0 7|Insulin
P10329736A1106|59 62|p 85
P10340883A1266|67 69|IV
P10347839A0434|66 67|M
P10347839A0434|85 86|M
P10357751A0866|174 176|CI
P10359014A1077|22 25|Fra
P10364163A0092|0 3|Hrs
P10366722T0000|65 79|DNA polymerase
P10379942T0000|82 83|M
P10379942T0000|117 118|M
P10393201A0654|54 68|DNA polymerase
P10393201A0654|54 73|DNA polymerase beta
P10393201A0654|78 88|DNA ligase
P10393201A0654|78 92|DNA ligase III
P10395908A0236|157 158|G
P10397257A1142|206 208|G2
P10397257A1142|209 210|M
P10398286A0678|145 147|S2
P10403690A0000|111 113|IV
P10403690A0000|305 307|IV
P10403690A0000|354 356|IV
P10403690A0000|389 391|IV
P10403690A0000|405 408|MVP
P10403690A0000|457 459|IV
P10403690A0000|490 492|IV
P10407985A0574|0 1|G
P10438924A1009|29 32|Akt
P10439040A0658|43 48|c - myc
P10439040A0658|65 70|c - myc
P10446149A0809|0 1|M
P10446149A0809|93 98|Raf -1
P10446206A0000|206 208|SK
P10446912A0883|82 84|A1
P10452306A0502|134 135|M
P10452991A0331|62 65|HLA
P10454561A0594|297 300|p 65
P10458905A0000|94 97|p 22
P10458905A0000|98 101|p 23
P10464302A1109b|49 53|p 185
P10469656T0000|147 149|H3
P10471696A0734|85 86|E
P10476970A0542|42 67|GTPase - activating protein
P10476970A0542|135 136|G
P10476970A0542|165 166|G
P10477545T0000|90 91|M
P10478844A1604|34 54|CREB - binding protein
P10485470A0242|90 93|p 21
P10488088T0000|0 7|Insulin
P10488088T0000|0 26|Insulin - like growth factor
P10490835T0000|0 14|Protein kinase
P10490955T0000|0 4|Beta
P10493575T0000|148 151|p 53
P10498616A0157|17 18|M
P10501034A0839|0 12|Ribonuclease
P10501965A0879|189 190|G
P10501965A0879|189 215|G - protein coupled receptor
P10506143A0610|174 183|TNF - alpha
P10517666A1069|44 48|AP -1
P10517675A0809|63 66|p 21
P10517675A0809|175 178|p 27
P10525413A1408|64 68|CRP2
P10527180A0869|202 204|CI
P10527180A0869|272 274|CI
P10527180A0869|328 330|CI
P10527180A0869|390 392|CI
P10527180A0869|507 509|CI
P10527180A0869|558 560|CI
P10527180A0869|610 612|CI
P10527180A0869|731 733|CI
P10527180A0869|833 835|CI
P10540553A0980|23 26|PNA
P10540915A0697|55 57|PL
P10542281A0382|14 16|G1
P10542281A0382|17 19|G2
P10542281A0382|152 154|G1
P10545192T0000|87 90|p 70
P10556028A0292|155 159|RepA
P10556028A0292|184 188|BD -2
P10556595A0391|59 60|G
P10559207A0207|46 56|APS kinase
P10562418A0238|0 7|Insulin
P10572087A0326|43 73|Fanconi anemia group C protein
P10572087A0326|64 73|C protein
P10579331A1225|67 72|SR - BI
P10586074A0129|111 112|E
P10586115A0477|95 104|TNF - alpha
P10593950A1113|131 133|A1
P10599727A1567|10 12|GH
P10600171A1432|54 55|E
P10608053A0923|214 216|NS
P10617126A1005|123 126|CA1
P10617126A1005|192 195|CA1
P10622576A0552|156 158|IV
P10628750T0000|0 11|Angiotensin
P10628750T0000|0 14|Angiotensin II
P10628755A0000|85 87|GH
P10628755A0000|129 131|GH
P10637149A0806|18 19|G
P10637149A0806|47 48|E
P10638607A0000|136 138|T1
P10640683A0670|36 39|P19
P10640683A0670|346 352|NeuroD
P10650939A0789|72 76|AP -1
P10652228A0759|66 69|Rho
P10652228A0759|77 97|GTP - binding proteins
P10653697A0133|0 6|Actins
P10655164A0546|151 152|H
P10662614A0972|67 69|CI
P10662614A0972|79 81|P1
P10662614A0972|83 85|P3
P10677214A2842|78 79|H
P10681520A0525|126 129|Rho
P10684534A0634|0 9|Protamine
P10687862A1980|46 50|CIII
P10687862A1980|55 57|CI
P10691972T0000|172 176|MRP3
P10698516T0000|7 24|Ste 20 - like kinase
P10702285A0855|35 36|G
P10702285A0855|40 41|G
P10702285A0855|243 244|G
P10704338A0354|82 85|p 24
P10706887A1457|35 39|ATIC
P10706887A1457|62 66|ATIC
P10714985A1057|82 83|G
P10727247A0461|111 116|TEF -1
P10727247A0461|127 132|TEF -1
P10727247A0461|141 146|TEF -1
P10727511A0294|74 79|GLT -1
P10727515A1202|40 41|G
P10744749T0000|151 155|p 300
P10750021A0728|96 98|P2
P10750021A0728|133 135|P2
P10756007A1512|39 42|Rep
P10756032A0599|52 53|E
P10761263A1108|53 55|T2
P10772977A0222|31 34|PVX
P10775585A0754|26 29|P70
P10775585A0754|30 32|S2
P10777217A0536|4 7|p 53
P10777217A0536|16 19|p 73
P10777217A0536|77 80|p 53
P10777217A0536|109 112|p 73
P10777669A0582|46 49|S28
P10781990A0455|0 2|T1
P10788480T0000|44 63|DNA - binding protein
P10790390X0000|127 128|E
P10792718T0000|183 185|M1
P10794405A0000|78 80|H1
P10794405A0000|153 155|H1
P10799501A1391|86 90|SPRK
P10801809T0000|0 26|Transcriptional regulation
P10811804A0800|110 113|p 90
P10827952A0158|23 31|TAFII 250
P10841537A0669|37 41|RPB5
P10850997A1016|13 14|H
P10850997A1016|15 17|NS
P10860131A0847|100 102|CI
P10860752A1601|125 139|DNA polymerase
P10861080A0433|91 100|TNF - alpha
P10869076A1384|109 112|Rho
P10871379A0261|46 51|Luman
P10874044A0647|58 61|p 38
P10882850A0000|0 12|Endonuclease
P10882850A0000|0 16|Endonuclease III
P10891399A1185|79 82|p 21
P10891399A1185|131 135|AP -1
P10899142A0000|137 138|G
P10899142A0000|137 146|G protein
P10908317A1459|24 25|E
P10908364A0000|0 1|G
P10908822A0519|8 10|CI
P10909973A1508|83 85|M1
P10918599A0071|65 67|G1
P10919971A0606|95 96|E
P10931927A0655|143 157|DNA polymerase
P10931927A0655|143 159|DNA polymerase I
P10932196A0359|17 20|RP2
P10938102A0265|54 57|NS1
P10938102A1359|72 75|NS1
P10939030A0986|127 129|IV
P10961046A0342|55 76|von Willebrand factor
P10963735A0651|43 44|E
P10965905A1618|8 10|GH
P10965905A1618|19 22|Akt
P10965905A1618|213 215|GH
P10965905A1618|349 351|GH
P10972980A0295|154 155|G
P10972990A0526|30 32|E6
P10983857A0923|81 82|H
P10983857A0923|180 183|STZ
P10987301A0332|71 72|G
P10987301A0332|71 80|G protein
P11007961A0930|28 32|PR65
P11012680A0676|72 75|PP2
P11018028A0263|102 109|CDC25 Mm
P11019257A0159|14 16|T1
P11019257A0159|18 20|T2
P11019257A0159|117 119|T2
P11029467T0000|0 29|Vasoactive intestinal peptide
P11038118A0000|144 147|BSA
P11040101A1180|155 163|p38 MAPK
P11056007A0224|137 140|SET
P11059786T0000|0 23|Epidermal growth factor
P11059786T0000|0 32|Epidermal growth factor receptor
P11069788A0531|153 154|H
P11069788A0531|213 214|H
P11070078A1153|138 140|E6
P11070078A1153|145 147|E7
P11071924A0588|0 9|A protein
P11073954A0337|60 63|CP2
P11084649A0497|86 88|E6
P11094066A0505|100 102|L1
P11094066A0505|128 130|L1
P11094066A1194|63 66|p 27
P11094066A1194|113 115|L1
P11098217A0674|47 49|A2
P11098217A0674|50 52|A3
P11106668A0875|125 128|BIR
P11108839A0401|32 34|S6
P11118438A0411|35 41|MdPin 1
P11125872A0133|87 89|IV
P11132148A0162|113 116|HLA
P11133986A0350|99 123|PU .1 interaction partner
P11134351A1405|64 67|MBP
P11134351A1405|64 69|MBP -1
P11142380A0389|0 8|Nuclease
P11145955A0189|253 255|E2
P11148589A1124|185 188|HBV
P11158337A0000|228 232|AP -1
P11171320A0894|20 24|p 120
P11197328T0000|82 116|C4 phosphoenolpyruvate carboxylase
P11221836A0981|119 121|E7
P11223186A1095|108 112|AP -1
P11231287A0158|45 47|SK
P11233643A0000|83 85|IX
P11260468A1179|163 164|H
P11260468A1179|165 167|NS
P11274149A0625|133 135|E2
P11274357A0724|104 106|H1
P11274357A0724|252 254|H1
P11278461A0637|134 139|HIF -1
P11278461A0637|197 202|HIF -1
P11278610A0902|43 51|Cullin -2
P11278928A1634|166 169|p 30
P11289149A0658|116 136|CREB - binding protein
P11289149A0658|138 141|CBP
P11297419A0894|19 21|A1
P11309389A0273|325 327|GH
P11311909A0938|87 89|A1
P11313386A0704|5 14|A protein
P11313961A1323|116 119|p 53
P11314046A0000|0 7|Cyclins
P11315633A0920|26 29|VPg
P11319098A0164|148 150|L1
P11327858A0087|89 92|p 53
P11341405A1154|100 102|IV
P11347201X0001|103 106|B12
P11350812A0829|18 23|Raf -1
P11353774A0255|229 231|NR
P11369700A0074|153 154|H
P11371417A0744|260 265|MIP -2
P11376946A0000|37 40|SHP
P11376946A0000|259 261|P1
P11389085A0290|18 21|MTC
P11389085A0290|98 101|p 65
P11409425A0000|227 229|E2
P11422200A0000|0 37|Granulocyte colony - stimulating factor
P11422200A0000|39 40|G
P11438654A1237|101 104|Akt
P11439343A0785|55 58|M33
P11449014A0000|207 208|E
P11471077A0382|74 78|TRA1
P11473254A0000|14 30|DNA endonuclease
P11496617A0301|438 440|IV
P11498795A0716|40 42|G1
P11500913A1238|29 33|HC11
P11513579A0372|88 91|Rho
P11516890A0236|93 95|A4
P11517190A0352|201 202|E
P11525102A0970|48 51|ACP
P11525102A0970|127 129|CI
P11533238A1137|114 117|HLA
P11559547T0000|0 26|Transcriptional regulation
P11559789A0314|75 82|ASF / SF2
P11559789A0314|174 181|ASF / SF2
P11561626A0197|207 209|M3
P11561626A0197|231 232|M
P11562278A0169|44 46|G1
P11566948A1217|55 59|ACEI
P11597936A0570|6 9|CAD
P11599079A1040|78 81|API
P11599079A1040|101 104|API
P11599079A1040|128 131|API
P11600365A0471|33 34|E
P11600365A0471|44 45|E
P11689217T0000|0 34|Cholesteryl ester transfer protein
P11706949T0000|0 14|Growth hormone
P11787322X0001|91 93|IV
P11793172A0545|34 36|PE
P11793172A0545|160 162|PE
P11824701A0894|56 62|Type A
P11843252A0907|61 63|CI
P11875695A0718|106 108|CI
P11876937A0261|78 79|H
P11893767A0356|46 47|E
P11902781A0550|33 35|H3
P11909404A0000|0 5|Nodal